#
# There is insufficient memory for the Java Runtime Environment to continue.
# Native memory allocation (malloc) failed to allocate 495120 bytes for Chunk::new
# Possible reasons:
#   The system is out of physical RAM or swap space
#   In 32 bit mode, the process size limit was hit
# Possible solutions:
#   Reduce memory load on the system
#   Increase physical memory or swap space
#   Check if swap backing store is full
#   Use 64 bit Java on a 64 bit OS
#   Decrease Java heap size (-Xmx/-Xms)
#   Decrease number of Java threads
#   Decrease Java thread stack sizes (-Xss)
#   Set larger code cache with -XX:ReservedCodeCacheSize=
# This output file may be truncated or incomplete.
#
#  Out of Memory Error (allocation.cpp:323), pid=13776, tid=8572
#
# JRE version: Java(TM) SE Runtime Environment (7.0_79-b15) (build 1.7.0_79-b15)
# Java VM: Java HotSpot(TM) 64-Bit Server VM (24.79-b02 mixed mode windows-amd64 compressed oops)
# Failed to write core dump. Minidumps are not enabled by default on client versions of Windows
#

---------------  T H R E A D  ---------------

Current thread (0x0000000008a86000):  JavaThread "C2 CompilerThread0" daemon [_thread_in_native, id=8572, stack(0x0000000009ff0000,0x000000000a0f0000)]

Stack: [0x0000000009ff0000,0x000000000a0f0000]
[error occurred during error reporting (printing stack bounds), id 0xc0000005]


Current CompileTask:
C2:   8713  484             com.android.dx.ssa.PhiTypeResolver::run (179 bytes)


---------------  P R O C E S S  ---------------

Java Threads: ( => current thread )
  0x0000000008a96000 JavaThread "Service Thread" daemon [_thread_blocked, id=13344, stack(0x000000000a1f0000,0x000000000a2f0000)]
  0x0000000008a8f800 JavaThread "C2 CompilerThread1" daemon [_thread_blocked, id=13696, stack(0x000000000a0f0000,0x000000000a1f0000)]
=>0x0000000008a86000 JavaThread "C2 CompilerThread0" daemon [_thread_in_native, id=8572, stack(0x0000000009ff0000,0x000000000a0f0000)]
  0x0000000008a85000 JavaThread "Attach Listener" daemon [_thread_blocked, id=9912, stack(0x0000000009ef0000,0x0000000009ff0000)]
  0x0000000008a81800 JavaThread "Signal Dispatcher" daemon [_thread_blocked, id=10448, stack(0x0000000009df0000,0x0000000009ef0000)]
  0x0000000008a4f800 JavaThread "Finalizer" daemon [_thread_blocked, id=14004, stack(0x0000000009cf0000,0x0000000009df0000)]
  0x0000000008a46800 JavaThread "Reference Handler" daemon [_thread_blocked, id=7364, stack(0x0000000009bf0000,0x0000000009cf0000)]
  0x0000000002aae000 JavaThread "main" [_thread_in_Java, id=9164, stack(0x0000000002930000,0x0000000002a30000)]

Other Threads:
  0x0000000008a42800 VMThread [stack: 0x0000000009af0000,0x0000000009bf0000] [id=14224]
  0x0000000008aa4800 WatcherThread [stack: 0x000000000a2f0000,0x000000000a3f0000] [id=7008]

VM state:not at safepoint (normal execution)

VM Mutex/Monitor currently owned by a thread: None

Heap
 PSYoungGen      total 70656K, used 59235K [0x00000000eaa80000, 0x00000000ef480000, 0x0000000100000000)
  eden space 65536K, 82% used [0x00000000eaa80000,0x00000000edf5a510,0x00000000eea80000)
  from space 5120K, 99% used [0x00000000eef80000,0x00000000ef47e970,0x00000000ef480000)
  to   space 5120K, 0% used [0x00000000eea80000,0x00000000eea80000,0x00000000eef80000)
 ParOldGen       total 85504K, used 6737K [0x00000000c0000000, 0x00000000c5380000, 0x00000000eaa80000)
  object space 85504K, 7% used [0x00000000c0000000,0x00000000c0694680,0x00000000c5380000)
 PSPermGen       total 21504K, used 5675K [0x00000000bae00000, 0x00000000bc300000, 0x00000000c0000000)
  object space 21504K, 26% used [0x00000000bae00000,0x00000000bb38afa0,0x00000000bc300000)

Card table byte_map: [0x0000000005cb0000,0x0000000005ee0000] byte_map_base: 0x00000000056d9000

Polling page: 0x00000000010b0000

Code Cache  [0x0000000002bf0000, 0x0000000002e60000, 0x0000000005bf0000)
 total_blobs=707 nmethods=473 adapters=186 free_code_cache=47143Kb largest_free_block=48211008

Compilation events (10 events):
Event: 8.489 Thread 0x0000000008a86000  480             com.android.dx.dex.code.RopTranslator::getRegs (64 bytes)
Event: 8.501 Thread 0x0000000008a86000 nmethod 480 0x0000000002dbc410 code [0x0000000002dbc5a0, 0x0000000002dbca08]
Event: 8.537 Thread 0x0000000008a86000  481             java.util.TreeMap$PrivateEntryIterator::nextEntry (54 bytes)
Event: 8.540 Thread 0x0000000008a86000 nmethod 481 0x0000000002c9c490 code [0x0000000002c9c5e0, 0x0000000002c9c6f8]
Event: 8.546 Thread 0x0000000008a86000  482             com.android.dx.ssa.SCCP::simulatePhi (169 bytes)
Event: 8.576 Thread 0x0000000008a86000 nmethod 482 0x0000000002dd5810 code [0x0000000002dd5a00, 0x0000000002dd6768]
Event: 8.576 Thread 0x0000000008a86000  483             com.android.dx.rop.code.LocalItem::compareTo (9 bytes)
Event: 8.579 Thread 0x0000000008a86000 nmethod 483 0x0000000002dbbc50 code [0x0000000002dbbda0, 0x0000000002dbc098]
Event: 8.634 Thread 0x0000000008a8f800 nmethod 477 0x0000000002de94d0 code [0x0000000002de9d40, 0x0000000002dee1b8]
Event: 8.658 Thread 0x0000000008a86000  484             com.android.dx.ssa.PhiTypeResolver::run (179 bytes)

GC Heap History (4 events):
Event: 4.766 GC heap before
{Heap before GC invocations=1 (full 0):
 PSYoungGen      total 37888K, used 32768K [0x00000000eaa80000, 0x00000000ed480000, 0x0000000100000000)
  eden space 32768K, 100% used [0x00000000eaa80000,0x00000000eca80000,0x00000000eca80000)
  from space 5120K, 0% used [0x00000000ecf80000,0x00000000ecf80000,0x00000000ed480000)
  to   space 5120K, 0% used [0x00000000eca80000,0x00000000eca80000,0x00000000ecf80000)
 ParOldGen       total 85504K, used 0K [0x00000000c0000000, 0x00000000c5380000, 0x00000000eaa80000)
  object space 85504K, 0% used [0x00000000c0000000,0x00000000c0000000,0x00000000c5380000)
 PSPermGen       total 21504K, used 5568K [0x00000000bae00000, 0x00000000bc300000, 0x00000000c0000000)
  object space 21504K, 25% used [0x00000000bae00000,0x00000000bb3700f0,0x00000000bc300000)
Event: 4.844 GC heap after
Heap after GC invocations=1 (full 0):
 PSYoungGen      total 37888K, used 5107K [0x00000000eaa80000, 0x00000000ef480000, 0x0000000100000000)
  eden space 32768K, 0% used [0x00000000eaa80000,0x00000000eaa80000,0x00000000eca80000)
  from space 5120K, 99% used [0x00000000eca80000,0x00000000ecf7cc90,0x00000000ecf80000)
  to   space 5120K, 0% used [0x00000000eef80000,0x00000000eef80000,0x00000000ef480000)
 ParOldGen       total 85504K, used 1918K [0x00000000c0000000, 0x00000000c5380000, 0x00000000eaa80000)
  object space 85504K, 2% used [0x00000000c0000000,0x00000000c01dfb50,0x00000000c5380000)
 PSPermGen       total 21504K, used 5568K [0x00000000bae00000, 0x00000000bc300000, 0x00000000c0000000)
  object space 21504K, 25% used [0x00000000bae00000,0x00000000bb3700f0,0x00000000bc300000)
}
Event: 6.784 GC heap before
{Heap before GC invocations=2 (full 0):
 PSYoungGen      total 37888K, used 37875K [0x00000000eaa80000, 0x00000000ef480000, 0x0000000100000000)
  eden space 32768K, 100% used [0x00000000eaa80000,0x00000000eca80000,0x00000000eca80000)
  from space 5120K, 99% used [0x00000000eca80000,0x00000000ecf7cc90,0x00000000ecf80000)
  to   space 5120K, 0% used [0x00000000eef80000,0x00000000eef80000,0x00000000ef480000)
 ParOldGen       total 85504K, used 1918K [0x00000000c0000000, 0x00000000c5380000, 0x00000000eaa80000)
  object space 85504K, 2% used [0x00000000c0000000,0x00000000c01dfb50,0x00000000c5380000)
 PSPermGen       total 21504K, used 5626K [0x00000000bae00000, 0x00000000bc300000, 0x00000000c0000000)
  object space 21504K, 26% used [0x00000000bae00000,0x00000000bb37e9e8,0x00000000bc300000)
Event: 6.824 GC heap after
Heap after GC invocations=2 (full 0):
 PSYoungGen      total 70656K, used 5114K [0x00000000eaa80000, 0x00000000ef480000, 0x0000000100000000)
  eden space 65536K, 0% used [0x00000000eaa80000,0x00000000eaa80000,0x00000000eea80000)
  from space 5120K, 99% used [0x00000000eef80000,0x00000000ef47e970,0x00000000ef480000)
  to   space 5120K, 0% used [0x00000000eea80000,0x00000000eea80000,0x00000000eef80000)
 ParOldGen       total 85504K, used 6737K [0x00000000c0000000, 0x00000000c5380000, 0x00000000eaa80000)
  object space 85504K, 7% used [0x00000000c0000000,0x00000000c0694680,0x00000000c5380000)
 PSPermGen       total 21504K, used 5626K [0x00000000bae00000, 0x00000000bc300000, 0x00000000c0000000)
  object space 21504K, 26% used [0x00000000bae00000,0x00000000bb37e9e8,0x00000000bc300000)
}

Deoptimization events (10 events):
Event: 7.005 Thread 0x0000000002aae000 Uncommon trap: reason=null_check action=make_not_entrant pc=0x0000000002da2be4 method=com.android.dx.dex.file.MethodIdsSection.intern(Lcom/android/dx/rop/cst/CstBaseMethodRef;)Lcom/android/dx/dex/file/MethodIdItem; @ 26
Event: 7.532 Thread 0x0000000002aae000 Uncommon trap: reason=class_check action=maybe_recompile pc=0x0000000002d6775c method=com.android.dx.ssa.SCCP.replaceConstants()V @ 127
Event: 7.585 Thread 0x0000000002aae000 Uncommon trap: reason=class_check action=maybe_recompile pc=0x0000000002cfd440 method=com.android.dx.cf.code.Ropper.processBlock(Lcom/android/dx/cf/code/ByteBlock;Lcom/android/dx/cf/code/Frame;[I)V @ 777
Event: 7.750 Thread 0x0000000002aae000 Uncommon trap: reason=class_check action=maybe_recompile pc=0x0000000002db1320 method=com.android.dx.cf.code.BytecodeArray.parseInstruction(ILcom/android/dx/cf/code/BytecodeArray$Visitor;)I @ 2239
Event: 7.758 Thread 0x0000000002aae000 Uncommon trap: reason=null_check action=make_not_entrant pc=0x0000000002dce0ac method=com.android.dx.dex.file.FieldIdsSection.intern(Lcom/android/dx/rop/cst/CstFieldRef;)Lcom/android/dx/dex/file/FieldIdItem; @ 26
Event: 7.812 Thread 0x0000000002aae000 Uncommon trap: reason=unloaded action=reinterpret pc=0x0000000002d24474 method=com.android.dx.ssa.LiteralOpUpgrader$1.visitNonMoveInsn(Lcom/android/dx/ssa/NormalSsaInsn;)V @ 72
Event: 7.920 Thread 0x0000000002aae000 Uncommon trap: reason=class_check action=maybe_recompile pc=0x0000000002d65cc0 method=com.android.dx.ssa.PhiTypeResolver.run()V @ 151
Event: 7.965 Thread 0x0000000002aae000 Uncommon trap: reason=class_check action=maybe_recompile pc=0x0000000002d65cc0 method=com.android.dx.ssa.PhiTypeResolver.run()V @ 151
Event: 7.966 Thread 0x0000000002aae000 Uncommon trap: reason=class_check action=maybe_recompile pc=0x0000000002d65cc0 method=com.android.dx.ssa.PhiTypeResolver.run()V @ 151
Event: 7.966 Thread 0x0000000002aae000 Uncommon trap: reason=class_check action=maybe_recompile pc=0x0000000002d65cc0 method=com.android.dx.ssa.PhiTypeResolver.run()V @ 151

Internal exceptions (10 events):
Event: 2.820 Thread 0x0000000002aae000 Threw 0x00000000ebb5b6e0 at C:\re\jdk7u79\2331\hotspot\src\share\vm\prims\jvm.cpp:1304
Event: 3.866 Thread 0x0000000002aae000 Threw 0x00000000ec135100 at C:\re\jdk7u79\2331\hotspot\src\share\vm\prims\jvm.cpp:1304
Event: 3.867 Thread 0x0000000002aae000 Threw 0x00000000ec1374f8 at C:\re\jdk7u79\2331\hotspot\src\share\vm\prims\jvm.cpp:1304
Event: 3.868 Thread 0x0000000002aae000 Threw 0x00000000ec13b6e8 at C:\re\jdk7u79\2331\hotspot\src\share\vm\prims\jvm.cpp:1304
Event: 3.929 Thread 0x0000000002aae000 Threw 0x00000000ec21e408 at C:\re\jdk7u79\2331\hotspot\src\share\vm\prims\jvm.cpp:1304
Event: 3.999 Thread 0x0000000002aae000 Implicit null exception at 0x0000000002ca6480 to 0x0000000002ca6ef5
Event: 4.086 Thread 0x0000000002aae000 Implicit null exception at 0x0000000002cbfb27 to 0x0000000002cc0225
Event: 7.005 Thread 0x0000000002aae000 Implicit null exception at 0x0000000002da1e64 to 0x0000000002da2bd5
Event: 7.341 Thread 0x0000000002aae000 Threw 0x00000000eb821320 at C:\re\jdk7u79\2331\hotspot\src\share\vm\prims\jvm.cpp:1304
Event: 7.813 Thread 0x0000000002aae000 Threw 0x00000000ec76b878 at C:\re\jdk7u79\2331\hotspot\src\share\vm\prims\jvm.cpp:1304

Events (10 events):
Event: 7.920 Thread 0x0000000002aae000 DEOPT UNPACKING pc=0x0000000002c275a4 sp=0x0000000002a2ec28 mode 2
Event: 7.965 Thread 0x0000000002aae000 Uncommon trap: trap_request=0xffffffde fr.pc=0x0000000002d65cc0
Event: 7.965 Thread 0x0000000002aae000 DEOPT PACKING pc=0x0000000002d65cc0 sp=0x0000000002a2ec90
Event: 7.965 Thread 0x0000000002aae000 DEOPT UNPACKING pc=0x0000000002c275a4 sp=0x0000000002a2ec28 mode 2
Event: 7.966 Thread 0x0000000002aae000 Uncommon trap: trap_request=0xffffffde fr.pc=0x0000000002d65cc0
Event: 7.966 Thread 0x0000000002aae000 DEOPT PACKING pc=0x0000000002d65cc0 sp=0x0000000002a2ec90
Event: 7.966 Thread 0x0000000002aae000 DEOPT UNPACKING pc=0x0000000002c275a4 sp=0x0000000002a2ec28 mode 2
Event: 7.966 Thread 0x0000000002aae000 Uncommon trap: trap_request=0xffffffde fr.pc=0x0000000002d65cc0
Event: 7.966 Thread 0x0000000002aae000 DEOPT PACKING pc=0x0000000002d65cc0 sp=0x0000000002a2ec90
Event: 7.966 Thread 0x0000000002aae000 DEOPT UNPACKING pc=0x0000000002c275a4 sp=0x0000000002a2ec28 mode 2


Dynamic libraries:
0x00007ff6bd1a0000 - 0x00007ff6bd1d3000 	C:\Program Files\Java\jdk1.7.0_79\bin\java.exe
0x00007ff8a9060000 - 0x00007ff8a920c000 	C:\Windows\SYSTEM32\ntdll.dll
0x00007ff8a8f20000 - 0x00007ff8a905e000 	C:\Windows\system32\KERNEL32.DLL
0x00007ff8a65c0000 - 0x00007ff8a66d5000 	C:\Windows\system32\KERNELBASE.dll
0x00007ff8a4d50000 - 0x00007ff8a4dde000 	C:\Windows\system32\apphelp.dll
0x00007ff866c70000 - 0x00007ff866cc3000 	C:\Windows\AppPatch\AppPatch64\AcGenral.DLL
0x00007ff8a6850000 - 0x00007ff8a68fa000 	C:\Windows\system32\msvcrt.dll
0x00007ff8a6170000 - 0x00007ff8a619e000 	C:\Windows\SYSTEM32\SspiCli.dll
0x00007ff8a7530000 - 0x00007ff8a7584000 	C:\Windows\system32\SHLWAPI.dll
0x00007ff8a7790000 - 0x00007ff8a7907000 	C:\Windows\system32\USER32.dll
0x00007ff8a6900000 - 0x00007ff8a6a94000 	C:\Windows\system32\ole32.dll
0x00007ff8a7910000 - 0x00007ff8a8e3b000 	C:\Windows\system32\SHELL32.dll
0x00007ff8a5960000 - 0x00007ff8a5981000 	C:\Windows\SYSTEM32\USERENV.dll
0x00007ff8a7590000 - 0x00007ff8a763a000 	C:\Windows\system32\ADVAPI32.dll
0x00007ff898210000 - 0x00007ff89822e000 	C:\Windows\SYSTEM32\MPR.dll
0x00007ff8a7640000 - 0x00007ff8a7781000 	C:\Windows\system32\RPCRT4.dll
0x00007ff8a7020000 - 0x00007ff8a7079000 	C:\Windows\SYSTEM32\sechost.dll
0x00007ff8a7310000 - 0x00007ff8a7521000 	C:\Windows\SYSTEM32\combase.dll
0x00007ff8a70f0000 - 0x00007ff8a723f000 	C:\Windows\system32\GDI32.dll
0x00007ff8a61b0000 - 0x00007ff8a61c5000 	C:\Windows\SYSTEM32\profapi.dll
0x00007ff8a4720000 - 0x00007ff8a47d2000 	C:\Windows\SYSTEM32\SHCORE.dll
0x00007ff8a67b0000 - 0x00007ff8a67e6000 	C:\Windows\system32\IMM32.DLL
0x00007ff8a6aa0000 - 0x00007ff8a6bf2000 	C:\Windows\system32\MSCTF.dll
0x00007ff8a3e10000 - 0x00007ff8a408b000 	C:\Windows\WinSxS\amd64_microsoft.windows.common-controls_6595b64144ccf1df_6.0.9600.18006_none_623f33d3ecbe86e8\COMCTL32.dll
0x0000000071bd0000 - 0x0000000071ca2000 	C:\Program Files\Java\jdk1.7.0_79\jre\bin\msvcr100.dll
0x0000000072060000 - 0x0000000072835000 	C:\Program Files\Java\jdk1.7.0_79\jre\bin\server\jvm.dll
0x00007ff89eaa0000 - 0x00007ff89eaa9000 	C:\Windows\SYSTEM32\WSOCK32.dll
0x00007ff89eae0000 - 0x00007ff89eb02000 	C:\Windows\SYSTEM32\WINMM.dll
0x00007ff8a66e0000 - 0x00007ff8a66e7000 	C:\Windows\system32\PSAPI.DLL
0x00007ff8a67f0000 - 0x00007ff8a684a000 	C:\Windows\system32\WS2_32.dll
0x00007ff89eab0000 - 0x00007ff89eada000 	C:\Windows\SYSTEM32\WINMMBASE.dll
0x00007ff8a70e0000 - 0x00007ff8a70e9000 	C:\Windows\system32\NSI.dll
0x00007ff8a6280000 - 0x00007ff8a62cf000 	C:\Windows\SYSTEM32\cfgmgr32.dll
0x00007ff8a4fa0000 - 0x00007ff8a4fc8000 	C:\Windows\SYSTEM32\DEVOBJ.dll
0x0000000072050000 - 0x000000007205f000 	C:\Program Files\Java\jdk1.7.0_79\jre\bin\verify.dll
0x0000000072020000 - 0x0000000072048000 	C:\Program Files\Java\jdk1.7.0_79\jre\bin\java.dll
0x0000000072000000 - 0x0000000072015000 	C:\Program Files\Java\jdk1.7.0_79\jre\bin\zip.dll
0x0000000071fe0000 - 0x0000000071ffa000 	C:\Program Files\Java\jdk1.7.0_79\jre\bin\net.dll
0x00007ff8a58b0000 - 0x00007ff8a5909000 	C:\Windows\system32\mswsock.dll
0x0000000071fc0000 - 0x0000000071fd1000 	C:\Program Files\Java\jdk1.7.0_79\jre\bin\nio.dll

VM Arguments:
jvm_args: -Djava.awt.headless=true -Xmx1024M -Dfile.encoding=windows-1251 -Duser.country=RU -Duser.language=ru -Duser.variant 
java_command: com.android.dx.command.Main --dex --output C:\Users\Nurs\AndroidStudioProjects\PasswordBook\app\build\intermediates\pre-dexed\debug\com.android.support-appcompat-v7-23.1.1_b5418f411d1bcd78a3445d343a00ecdafbdab42d.jar C:\Users\Nurs\AndroidStudioProjects\PasswordBook\app\build\intermediates\exploded-aar\com.android.support\appcompat-v7\23.1.1\jars\classes.jar
Launcher Type: SUN_STANDARD

Environment Variables:
PATH=C:\Program Files (x86)\Intel\iCLS Client\;C:\Program Files\Intel\iCLS Client\;C:\Windows\system32;C:\Windows;C:\Windows\System32\Wbem;C:\Windows\System32\WindowsPowerShell\v1.0\;C:\Program Files\Intel\Intel(R) Management Engine Components\DAL;C:\Program Files\Intel\Intel(R) Management Engine Components\IPT;C:\Program Files (x86)\Intel\Intel(R) Management Engine Components\DAL;C:\Program Files (x86)\Intel\Intel(R) Management Engine Components\IPT;C:\Program Files (x86)\Windows Kits\8.1\Windows Performance Toolkit\;C:\Program Files\Microsoft SQL Server\110\Tools\Binn\;C:\Program Files (x86)\Microsoft SDKs\TypeScript\1.0\;C:\Program Files\Microsoft SQL Server\120\Tools\Binn\;C:\Program Files\Microsoft SQL Server\110\DTS\Binn\;C:\Program Files (x86)\Microsoft SQL Server\110\Tools\Binn\;C:\Program Files (x86)\Microsoft SQL Server\110\Tools\Binn\ManagementStudio\;C:\Program Files (x86)\Microsoft Visual Studio 10.0\Common7\IDE\PrivateAssemblies\;C:\Program Files (x86)\Microsoft SQL Server\110\DTS\Binn\;C:\Program Files\Microsoft\Web Platform Installer\;C:\Windows\system32\config\systemprofile\.dnx\bin;C:\Program Files\Microsoft DNX\Dnvm\;C:\Program Files\Microsoft SQL Server\120\DTS\Binn\;C:\Program Files\Microsoft SQL Server\Client SDK\ODBC\110\Tools\Binn\;C:\Program Files (x86)\Microsoft SQL Server\120\Tools\Binn\;C:\Program Files (x86)\Microsoft SQL Server\120\Tools\Binn\ManagementStudio\;C:\Program Files (x86)\Microsoft SQL Server\120\DTS\Binn\;C:\Program Files\TortoiseGit\bin;C:\Program Files (x86)\Skype\Phone\;;C:\Program Files (x86)\Simlock Remote Client
USERNAME=Nurs
OS=Windows_NT
PROCESSOR_IDENTIFIER=Intel64 Family 6 Model 58 Stepping 9, GenuineIntel



---------------  S Y S T E M  ---------------

OS: Windows 8.1 , 64 bit Build 9600 

CPU:total 4 (2 cores per cpu, 2 threads per core) family 6 model 58 stepping 9, cmov, cx8, fxsr, mmx, sse, sse2, sse3, ssse3, sse4.1, sse4.2, popcnt, avx, aes, erms, ht, tsc, tscinvbit, tscinv

Memory: 4k page, physical 8244012k(1095384k free), swap 11240276k(5236k free)

vm_info: Java HotSpot(TM) 64-Bit Server VM (24.79-b02) for windows-amd64 JRE (1.7.0_79-b15), built on Apr 10 2015 12:36:16 by "java_re" with unknown MS VC++:1600

time: Fri Jan 08 20:37:56 2016
elapsed time: 8 seconds

