#
# There is insufficient memory for the Java Runtime Environment to continue.
# Native memory allocation (malloc) failed to allocate 262160 bytes for Chunk::new
# Possible reasons:
#   The system is out of physical RAM or swap space
#   In 32 bit mode, the process size limit was hit
# Possible solutions:
#   Reduce memory load on the system
#   Increase physical memory or swap space
#   Check if swap backing store is full
#   Use 64 bit Java on a 64 bit OS
#   Decrease Java heap size (-Xmx/-Xms)
#   Decrease number of Java threads
#   Decrease Java thread stack sizes (-Xss)
#   Set larger code cache with -XX:ReservedCodeCacheSize=
# This output file may be truncated or incomplete.
#
#  Out of Memory Error (allocation.cpp:323), pid=15796, tid=14776
#
# JRE version: Java(TM) SE Runtime Environment (7.0_79-b15) (build 1.7.0_79-b15)
# Java VM: Java HotSpot(TM) 64-Bit Server VM (24.79-b02 mixed mode windows-amd64 compressed oops)
# Failed to write core dump. Minidumps are not enabled by default on client versions of Windows
#

---------------  T H R E A D  ---------------

Current thread (0x0000000008790800):  JavaThread "C2 CompilerThread1" daemon [_thread_in_native, id=14776, stack(0x0000000009e00000,0x0000000009f00000)]

Stack: [0x0000000009e00000,0x0000000009f00000]
[error occurred during error reporting (printing stack bounds), id 0xc0000005]


[error occurred during error reporting (printing native stack), id 0xc0000005]


Current CompileTask:
C2:   9380  471   !         com.android.dx.cf.code.BytecodeArray::parseInstruction (2764 bytes)


---------------  P R O C E S S  ---------------

Java Threads: ( => current thread )
  0x000000000879f000 JavaThread "Service Thread" daemon [_thread_blocked, id=9560, stack(0x0000000009f00000,0x000000000a000000)]
=>0x0000000008790800 JavaThread "C2 CompilerThread1" daemon [_thread_in_native, id=14776, stack(0x0000000009e00000,0x0000000009f00000)]
  0x0000000008785800 JavaThread "C2 CompilerThread0" daemon [_thread_in_native, id=16472, stack(0x0000000009d00000,0x0000000009e00000)]
  0x0000000008784800 JavaThread "Attach Listener" daemon [_thread_blocked, id=12300, stack(0x0000000009c00000,0x0000000009d00000)]
  0x0000000008781800 JavaThread "Signal Dispatcher" daemon [_thread_blocked, id=13900, stack(0x0000000009b00000,0x0000000009c00000)]
  0x000000000874f800 JavaThread "Finalizer" daemon [_thread_blocked, id=17700, stack(0x0000000009a00000,0x0000000009b00000)]
  0x0000000008746800 JavaThread "Reference Handler" daemon [_thread_blocked, id=18148, stack(0x0000000009900000,0x0000000009a00000)]
  0x00000000026ed800 JavaThread "main" [_thread_in_vm, id=15120, stack(0x00000000026f0000,0x00000000027f0000)]

Other Threads:
  0x0000000008741000 VMThread [stack: 0x0000000009800000,0x0000000009900000] [id=10728]
  0x00000000087aa800 WatcherThread [stack: 0x000000000a000000,0x000000000a100000] [id=9348]

VM state:not at safepoint (normal execution)

VM Mutex/Monitor currently owned by a thread: None

Heap
 PSYoungGen      total 70656K, used 65736K [0x00000000eaa80000, 0x00000000ef480000, 0x0000000100000000)
  eden space 65536K, 92% used [0x00000000eaa80000,0x00000000ee5b7ff8,0x00000000eea80000)
  from space 5120K, 99% used [0x00000000eef80000,0x00000000ef47a110,0x00000000ef480000)
  to   space 5120K, 0% used [0x00000000eea80000,0x00000000eea80000,0x00000000eef80000)
 ParOldGen       total 85504K, used 6059K [0x00000000c0000000, 0x00000000c5380000, 0x00000000eaa80000)
  object space 85504K, 7% used [0x00000000c0000000,0x00000000c05eadc0,0x00000000c5380000)
 PSPermGen       total 21504K, used 5663K [0x00000000bae00000, 0x00000000bc300000, 0x00000000c0000000)
  object space 21504K, 26% used [0x00000000bae00000,0x00000000bb387cc8,0x00000000bc300000)

Card table byte_map: [0x00000000059b0000,0x0000000005be0000] byte_map_base: 0x00000000053d9000

Polling page: 0x0000000000ed0000

Code Cache  [0x00000000028f0000, 0x0000000002b60000, 0x00000000058f0000)
 total_blobs=698 nmethods=464 adapters=186 free_code_cache=47205Kb largest_free_block=48298112

Compilation events (10 events):
Event: 9.089 Thread 0x0000000008790800  467             com.android.dx.ssa.SCCP::setLatticeValueTo (67 bytes)
Event: 9.092 Thread 0x0000000008790800 nmethod 467 0x0000000002ade550 code [0x0000000002ade6a0, 0x0000000002ade8f8]
Event: 9.093 Thread 0x0000000008785800  468             com.android.dx.ssa.PhiInsn::predBlocksForReg (73 bytes)
Event: 9.104 Thread 0x0000000008785800 nmethod 468 0x0000000002add650 code [0x0000000002add7e0, 0x0000000002addcd8]
Event: 9.201 Thread 0x0000000008790800  469             com.android.dx.cf.code.BaseMachine::auxCstArg (20 bytes)
Event: 9.201 Thread 0x0000000008790800 nmethod 469 0x00000000029ab810 code [0x00000000029ab940, 0x00000000029ab9b8]
Event: 9.206 Thread 0x0000000008785800  470             com.android.dx.cf.code.BaseMachine::popArgs (127 bytes)
Event: 9.210 Thread 0x0000000008785800 nmethod 470 0x0000000002adcf50 code [0x0000000002add0c0, 0x0000000002add2d8]
Event: 9.333 Thread 0x0000000008790800  471   !         com.android.dx.cf.code.BytecodeArray::parseInstruction (2764 bytes)
Event: 9.340 Thread 0x0000000008785800  472             com.android.dx.cf.code.Simulator$SimVisitor::visitLocal (329 bytes)

GC Heap History (4 events):
Event: 4.344 GC heap before
{Heap before GC invocations=1 (full 0):
 PSYoungGen      total 37888K, used 32768K [0x00000000eaa80000, 0x00000000ed480000, 0x0000000100000000)
  eden space 32768K, 100% used [0x00000000eaa80000,0x00000000eca80000,0x00000000eca80000)
  from space 5120K, 0% used [0x00000000ecf80000,0x00000000ecf80000,0x00000000ed480000)
  to   space 5120K, 0% used [0x00000000eca80000,0x00000000eca80000,0x00000000ecf80000)
 ParOldGen       total 85504K, used 0K [0x00000000c0000000, 0x00000000c5380000, 0x00000000eaa80000)
  object space 85504K, 0% used [0x00000000c0000000,0x00000000c0000000,0x00000000c5380000)
 PSPermGen       total 21504K, used 5546K [0x00000000bae00000, 0x00000000bc300000, 0x00000000c0000000)
  object space 21504K, 25% used [0x00000000bae00000,0x00000000bb36a800,0x00000000bc300000)
Event: 4.417 GC heap after
Heap after GC invocations=1 (full 0):
 PSYoungGen      total 37888K, used 5111K [0x00000000eaa80000, 0x00000000ef480000, 0x0000000100000000)
  eden space 32768K, 0% used [0x00000000eaa80000,0x00000000eaa80000,0x00000000eca80000)
  from space 5120K, 99% used [0x00000000eca80000,0x00000000ecf7dff0,0x00000000ecf80000)
  to   space 5120K, 0% used [0x00000000eef80000,0x00000000eef80000,0x00000000ef480000)
 ParOldGen       total 85504K, used 1487K [0x00000000c0000000, 0x00000000c5380000, 0x00000000eaa80000)
  object space 85504K, 1% used [0x00000000c0000000,0x00000000c0173ed0,0x00000000c5380000)
 PSPermGen       total 21504K, used 5546K [0x00000000bae00000, 0x00000000bc300000, 0x00000000c0000000)
  object space 21504K, 25% used [0x00000000bae00000,0x00000000bb36a800,0x00000000bc300000)
}
Event: 6.665 GC heap before
{Heap before GC invocations=2 (full 0):
 PSYoungGen      total 37888K, used 37879K [0x00000000eaa80000, 0x00000000ef480000, 0x0000000100000000)
  eden space 32768K, 100% used [0x00000000eaa80000,0x00000000eca80000,0x00000000eca80000)
  from space 5120K, 99% used [0x00000000eca80000,0x00000000ecf7dff0,0x00000000ecf80000)
  to   space 5120K, 0% used [0x00000000eef80000,0x00000000eef80000,0x00000000ef480000)
 ParOldGen       total 85504K, used 1487K [0x00000000c0000000, 0x00000000c5380000, 0x00000000eaa80000)
  object space 85504K, 1% used [0x00000000c0000000,0x00000000c0173ed0,0x00000000c5380000)
 PSPermGen       total 21504K, used 5623K [0x00000000bae00000, 0x00000000bc300000, 0x00000000c0000000)
  object space 21504K, 26% used [0x00000000bae00000,0x00000000bb37dfb8,0x00000000bc300000)
Event: 6.775 GC heap after
Heap after GC invocations=2 (full 0):
 PSYoungGen      total 70656K, used 5096K [0x00000000eaa80000, 0x00000000ef480000, 0x0000000100000000)
  eden space 65536K, 0% used [0x00000000eaa80000,0x00000000eaa80000,0x00000000eea80000)
  from space 5120K, 99% used [0x00000000eef80000,0x00000000ef47a110,0x00000000ef480000)
  to   space 5120K, 0% used [0x00000000eea80000,0x00000000eea80000,0x00000000eef80000)
 ParOldGen       total 85504K, used 6059K [0x00000000c0000000, 0x00000000c5380000, 0x00000000eaa80000)
  object space 85504K, 7% used [0x00000000c0000000,0x00000000c05eadc0,0x00000000c5380000)
 PSPermGen       total 21504K, used 5623K [0x00000000bae00000, 0x00000000bc300000, 0x00000000c0000000)
  object space 21504K, 26% used [0x00000000bae00000,0x00000000bb37dfb8,0x00000000bc300000)
}

Deoptimization events (10 events):
Event: 6.457 Thread 0x00000000026ed800 Uncommon trap: reason=bimorphic action=maybe_recompile pc=0x0000000002a8d06c method=com.android.dx.cf.code.BytecodeArray.parseInstruction(ILcom/android/dx/cf/code/BytecodeArray$Visitor;)I @ 1501
Event: 7.355 Thread 0x00000000026ed800 Uncommon trap: reason=bimorphic action=maybe_recompile pc=0x00000000029fdcd8 method=com.android.dx.cf.code.BaseMachine.getLocalTarget(Z)Lcom/android/dx/rop/code/RegisterSpec; @ 70
Event: 7.625 Thread 0x00000000026ed800 Uncommon trap: reason=class_check action=maybe_recompile pc=0x0000000002a65c24 method=com.android.dx.ssa.SCCP.replaceConstants()V @ 127
Event: 7.629 Thread 0x00000000026ed800 Uncommon trap: reason=class_check action=maybe_recompile pc=0x0000000002a65c24 method=com.android.dx.ssa.SCCP.replaceConstants()V @ 127
Event: 7.650 Thread 0x00000000026ed800 Uncommon trap: reason=class_check action=maybe_recompile pc=0x0000000002a7550c method=com.android.dx.cf.code.RopperMachine.run(Lcom/android/dx/cf/code/Frame;II)V @ 1024
Event: 8.276 Thread 0x00000000026ed800 Uncommon trap: reason=null_check action=make_not_entrant pc=0x0000000002ad6338 method=com.android.dx.dex.file.MethodIdsSection.intern(Lcom/android/dx/rop/cst/CstBaseMethodRef;)Lcom/android/dx/dex/file/MethodIdItem; @ 26
Event: 8.829 Thread 0x00000000026ed800 Uncommon trap: reason=bimorphic action=maybe_recompile pc=0x0000000002abea24 method=com.android.dx.cf.code.BytecodeArray.parseInstruction(ILcom/android/dx/cf/code/BytecodeArray$Visitor;)I @ 2135
Event: 8.829 Thread 0x00000000026ed800 Uncommon trap: reason=bimorphic action=maybe_recompile pc=0x0000000002abea24 method=com.android.dx.cf.code.BytecodeArray.parseInstruction(ILcom/android/dx/cf/code/BytecodeArray$Visitor;)I @ 2135
Event: 8.862 Thread 0x00000000026ed800 Uncommon trap: reason=unreached action=reinterpret pc=0x00000000029a2c90 method=com.android.dx.ssa.LocalVariableExtractor.processBlock(I)V @ 251
Event: 9.098 Thread 0x00000000026ed800 Uncommon trap: reason=unreached action=reinterpret pc=0x0000000002a704e8 method=com.android.dx.util.FixedSizeList.shrinkToFit()V @ 21

Internal exceptions (10 events):
Event: 2.964 Thread 0x00000000026ed800 Threw 0x00000000ebca6690 at C:\re\jdk7u79\2331\hotspot\src\share\vm\prims\jvm.cpp:1304
Event: 3.346 Thread 0x00000000026ed800 Implicit null exception at 0x00000000029aa14d to 0x00000000029ab535
Event: 4.752 Thread 0x00000000026ed800 Threw 0x00000000eb101bf0 at C:\re\jdk7u79\2331\hotspot\src\share\vm\prims\jvm.cpp:1304
Event: 4.753 Thread 0x00000000026ed800 Threw 0x00000000eb104118 at C:\re\jdk7u79\2331\hotspot\src\share\vm\prims\jvm.cpp:1304
Event: 4.799 Thread 0x00000000026ed800 Threw 0x00000000eb167460 at C:\re\jdk7u79\2331\hotspot\src\share\vm\prims\jvm.cpp:1304
Event: 4.800 Thread 0x00000000026ed800 Threw 0x00000000eb16cc88 at C:\re\jdk7u79\2331\hotspot\src\share\vm\prims\jvm.cpp:1304
Event: 4.801 Thread 0x00000000026ed800 Threw 0x00000000eb172240 at C:\re\jdk7u79\2331\hotspot\src\share\vm\prims\jvm.cpp:1304
Event: 5.152 Thread 0x00000000026ed800 Threw 0x00000000eb738318 at C:\re\jdk7u79\2331\hotspot\src\share\vm\prims\jvm.cpp:1304
Event: 5.482 Thread 0x00000000026ed800 Threw 0x00000000ebbe5e60 at C:\re\jdk7u79\2331\hotspot\src\share\vm\prims\jvm.cpp:1304
Event: 8.099 Thread 0x00000000026ed800 Threw 0x00000000eca08380 at C:\re\jdk7u79\2331\hotspot\src\share\vm\prims\jvm.cpp:1304

Events (10 events):
Event: 8.829 Thread 0x00000000026ed800 Uncommon trap: trap_request=0xffffffc6 fr.pc=0x0000000002abea24
Event: 8.829 Thread 0x00000000026ed800 DEOPT PACKING pc=0x0000000002abea24 sp=0x00000000027eebb0
Event: 8.829 Thread 0x00000000026ed800 DEOPT UNPACKING pc=0x00000000029275a4 sp=0x00000000027eeb40 mode 2
Event: 8.862 Thread 0x00000000026ed800 Uncommon trap: trap_request=0xffffffad fr.pc=0x00000000029a2c90
Event: 8.862 Thread 0x00000000026ed800 DEOPT PACKING pc=0x00000000029a2c90 sp=0x00000000027eec30
Event: 8.862 Thread 0x00000000026ed800 DEOPT UNPACKING pc=0x00000000029275a4 sp=0x00000000027eebb0 mode 2
Event: 9.098 Thread 0x00000000026ed800 Uncommon trap: trap_request=0xffffffad fr.pc=0x0000000002a704e8
Event: 9.098 Thread 0x00000000026ed800 DEOPT PACKING pc=0x0000000002a704e8 sp=0x00000000027eebc0
Event: 9.098 Thread 0x00000000026ed800 DEOPT UNPACKING pc=0x00000000029275a4 sp=0x00000000027eeb58 mode 2
Event: 9.201 Thread 0x0000000008790800 flushing nmethod 0x00000000029a85d0


Dynamic libraries:
0x00007ff6048d0000 - 0x00007ff604903000 	C:\Program Files\Java\jdk1.7.0_79\bin\java.exe
0x00007fff0c490000 - 0x00007fff0c63d000 	C:\Windows\SYSTEM32\ntdll.dll
0x00007fff0b5e0000 - 0x00007fff0b71e000 	C:\Windows\system32\KERNEL32.DLL
0x00007fff098f0000 - 0x00007fff09a05000 	C:\Windows\system32\KERNELBASE.dll
0x00007fff08180000 - 0x00007fff0820e000 	C:\Windows\system32\apphelp.dll
0x00007ffeebc00000 - 0x00007ffeebc53000 	C:\Windows\AppPatch\AppPatch64\AcGenral.DLL
0x00007fff0c3e0000 - 0x00007fff0c48a000 	C:\Windows\system32\msvcrt.dll
0x00007fff09410000 - 0x00007fff0943e000 	C:\Windows\SYSTEM32\SspiCli.dll
0x00007fff0baa0000 - 0x00007fff0baf4000 	C:\Windows\system32\SHLWAPI.dll
0x00007fff0bb00000 - 0x00007fff0bc77000 	C:\Windows\system32\USER32.dll
0x00007fff0b720000 - 0x00007fff0b8b4000 	C:\Windows\system32\ole32.dll
0x00007fff09b20000 - 0x00007fff0b04a000 	C:\Windows\system32\SHELL32.dll
0x00007fff08ba0000 - 0x00007fff08bc1000 	C:\Windows\SYSTEM32\USERENV.dll
0x00007fff0be40000 - 0x00007fff0beea000 	C:\Windows\system32\ADVAPI32.dll
0x00007ffefe230000 - 0x00007ffefe24e000 	C:\Windows\SYSTEM32\MPR.dll
0x00007fff0bc90000 - 0x00007fff0bdd1000 	C:\Windows\system32\RPCRT4.dll
0x00007fff0b320000 - 0x00007fff0b379000 	C:\Windows\SYSTEM32\sechost.dll
0x00007fff0b3a0000 - 0x00007fff0b5b1000 	C:\Windows\SYSTEM32\combase.dll
0x00007fff0c290000 - 0x00007fff0c3e0000 	C:\Windows\system32\GDI32.dll
0x00007fff095e0000 - 0x00007fff095f5000 	C:\Windows\SYSTEM32\profapi.dll
0x00007fff07b50000 - 0x00007fff07c02000 	C:\Windows\SYSTEM32\SHCORE.dll
0x00007fff0c0c0000 - 0x00007fff0c0f6000 	C:\Windows\system32\IMM32.DLL
0x00007fff0bef0000 - 0x00007fff0c042000 	C:\Windows\system32\MSCTF.dll
0x00007fff07230000 - 0x00007fff074ab000 	C:\Windows\WinSxS\amd64_microsoft.windows.common-controls_6595b64144ccf1df_6.0.9600.18006_none_623f33d3ecbe86e8\COMCTL32.dll
0x0000000071140000 - 0x0000000071212000 	C:\Program Files\Java\jdk1.7.0_79\jre\bin\msvcr100.dll
0x00000000715d0000 - 0x0000000071da5000 	C:\Program Files\Java\jdk1.7.0_79\jre\bin\server\jvm.dll
0x00007ffed3140000 - 0x00007ffed3149000 	C:\Windows\SYSTEM32\WSOCK32.dll
0x00007ffef47e0000 - 0x00007ffef4802000 	C:\Windows\SYSTEM32\WINMM.dll
0x00007fff09b10000 - 0x00007fff09b17000 	C:\Windows\system32\PSAPI.DLL
0x00007fff0bde0000 - 0x00007fff0be3a000 	C:\Windows\system32\WS2_32.dll
0x00007ffef47b0000 - 0x00007ffef47da000 	C:\Windows\SYSTEM32\WINMMBASE.dll
0x00007fff0bc80000 - 0x00007fff0bc89000 	C:\Windows\system32\NSI.dll
0x00007fff09a10000 - 0x00007fff09a5f000 	C:\Windows\SYSTEM32\cfgmgr32.dll
0x00007fff083d0000 - 0x00007fff083f8000 	C:\Windows\SYSTEM32\DEVOBJ.dll
0x00000000715c0000 - 0x00000000715cf000 	C:\Program Files\Java\jdk1.7.0_79\jre\bin\verify.dll
0x0000000071590000 - 0x00000000715b8000 	C:\Program Files\Java\jdk1.7.0_79\jre\bin\java.dll
0x0000000071570000 - 0x0000000071585000 	C:\Program Files\Java\jdk1.7.0_79\jre\bin\zip.dll
0x0000000071550000 - 0x000000007156a000 	C:\Program Files\Java\jdk1.7.0_79\jre\bin\net.dll
0x00007fff08ca0000 - 0x00007fff08cf9000 	C:\Windows\system32\mswsock.dll
0x0000000071530000 - 0x0000000071541000 	C:\Program Files\Java\jdk1.7.0_79\jre\bin\nio.dll

VM Arguments:
jvm_args: -Djava.awt.headless=true -Xmx1024M -Dfile.encoding=windows-1251 -Duser.country=RU -Duser.language=ru -Duser.variant 
java_command: com.android.dx.command.Main --dex --output C:\Users\Nurs\AndroidStudioProjects\PasswordBook\app\build\intermediates\pre-dexed\debug\com.android.support-recyclerview-v7-23.1.1_9ec48a10da4b3271fa456da77177998bac130c76.jar C:\Users\Nurs\AndroidStudioProjects\PasswordBook\app\build\intermediates\exploded-aar\com.android.support\recyclerview-v7\23.1.1\jars\classes.jar
Launcher Type: SUN_STANDARD

Environment Variables:
PATH=C:\Program Files (x86)\Common Files\Intel\Shared Files\cpp\bin\Intel64;C:\Program Files (x86)\Intel\iCLS Client\;C:\Program Files\Intel\iCLS Client\;C:\Windows\system32;C:\Windows;C:\Windows\System32\Wbem;C:\Windows\System32\WindowsPowerShell\v1.0\;C:\Program Files\Intel\Intel(R) Management Engine Components\DAL;C:\Program Files\Intel\Intel(R) Management Engine Components\IPT;C:\Program Files (x86)\Intel\Intel(R) Management Engine Components\DAL;C:\Program Files (x86)\Intel\Intel(R) Management Engine Components\IPT;C:\Program Files (x86)\Windows Kits\8.1\Windows Performance Toolkit\;C:\Program Files\Microsoft SQL Server\110\Tools\Binn\;C:\Program Files (x86)\Microsoft SDKs\TypeScript\1.0\;C:\Program Files\Microsoft SQL Server\120\Tools\Binn\;C:\Program Files\Microsoft\Web Platform Installer\;C:\Users\Nurs\.dnx\bin;C:\Program Files\Microsoft DNX\Dnvm\;C:\Program Files\Microsoft SQL Server\120\DTS\Binn\;C:\Program Files\Microsoft SQL Server\Client SDK\ODBC\110\Tools\Binn\;C:\Program Files (x86)\Microsoft SQL Server\120\Tools\Binn\;C:\Program Files (x86)\Microsoft SQL Server\120\Tools\Binn\ManagementStudio\;C:\Program Files (x86)\Microsoft SQL Server\120\DTS\Binn\;C:\Program Files\TortoiseGit\bin;C:\Program Files (x86)\Skype\Phone\;;C:\Program Files (x86)\Simlock Remote Client;C:\Program Files\wget
USERNAME=Nurs
OS=Windows_NT
PROCESSOR_IDENTIFIER=Intel64 Family 6 Model 58 Stepping 9, GenuineIntel



---------------  S Y S T E M  ---------------

OS: Windows 8.1 , 64 bit Build 9600 

CPU:total 4 (2 cores per cpu, 2 threads per core) family 6 model 58 stepping 9, cmov, cx8, fxsr, mmx, sse, sse2, sse3, ssse3, sse4.1, sse4.2, popcnt, avx, aes, erms, ht, tsc, tscinvbit, tscinv

Memory: 4k page, physical 8244012k(1024472k free), swap 11389740k(5272k free)

vm_info: Java HotSpot(TM) 64-Bit Server VM (24.79-b02) for windows-amd64 JRE (1.7.0_79-b15), built on Apr 10 2015 12:36:16 by "java_re" with unknown MS VC++:1600

time: Fri Apr 29 22:17:01 2016
elapsed time: 9 seconds

