#
# There is insufficient memory for the Java Runtime Environment to continue.
# Native memory allocation (malloc) failed to allocate 1251376 bytes for Chunk::new
# Possible reasons:
#   The system is out of physical RAM or swap space
#   In 32 bit mode, the process size limit was hit
# Possible solutions:
#   Reduce memory load on the system
#   Increase physical memory or swap space
#   Check if swap backing store is full
#   Use 64 bit Java on a 64 bit OS
#   Decrease Java heap size (-Xmx/-Xms)
#   Decrease number of Java threads
#   Decrease Java thread stack sizes (-Xss)
#   Set larger code cache with -XX:ReservedCodeCacheSize=
# This output file may be truncated or incomplete.
#
#  Out of Memory Error (allocation.cpp:323), pid=6024, tid=14684
#
# JRE version: Java(TM) SE Runtime Environment (7.0_79-b15) (build 1.7.0_79-b15)
# Java VM: Java HotSpot(TM) 64-Bit Server VM (24.79-b02 mixed mode windows-amd64 compressed oops)
# Failed to write core dump. Minidumps are not enabled by default on client versions of Windows
#

---------------  T H R E A D  ---------------

Current thread (0x0000000008065800):  JavaThread "C2 CompilerThread0" daemon [_thread_in_native, id=14684, stack(0x00000000095d0000,0x00000000096d0000)]

Stack: [0x00000000095d0000,0x00000000096d0000]
[error occurred during error reporting (printing stack bounds), id 0xc0000005]


Current CompileTask:
C2:  10953  449   !         com.android.dx.cf.code.Ropper::processBlock (1101 bytes)


---------------  P R O C E S S  ---------------

Java Threads: ( => current thread )
  0x0000000008072800 JavaThread "Service Thread" daemon [_thread_blocked, id=17284, stack(0x00000000097d0000,0x00000000098d0000)]
  0x000000000806f800 JavaThread "C2 CompilerThread1" daemon [_thread_blocked, id=18256, stack(0x00000000096d0000,0x00000000097d0000)]
=>0x0000000008065800 JavaThread "C2 CompilerThread0" daemon [_thread_in_native, id=14684, stack(0x00000000095d0000,0x00000000096d0000)]
  0x0000000008065000 JavaThread "Attach Listener" daemon [_thread_blocked, id=17760, stack(0x00000000094d0000,0x00000000095d0000)]
  0x0000000008061800 JavaThread "Signal Dispatcher" daemon [_thread_blocked, id=17456, stack(0x00000000093d0000,0x00000000094d0000)]
  0x000000000802f800 JavaThread "Finalizer" daemon [_thread_blocked, id=17384, stack(0x00000000092d0000,0x00000000093d0000)]
  0x0000000008026800 JavaThread "Reference Handler" daemon [_thread_blocked, id=13784, stack(0x00000000091d0000,0x00000000092d0000)]
  0x0000000001fdd800 JavaThread "main" [_thread_blocked, id=1008, stack(0x0000000002090000,0x0000000002190000)]

Other Threads:
  0x0000000008021000 VMThread [stack: 0x00000000090d0000,0x00000000091d0000] [id=17452]
  0x0000000008081000 WatcherThread [stack: 0x00000000098d0000,0x00000000099d0000] [id=12336]

VM state:at safepoint (normal execution)

VM Mutex/Monitor currently owned by a thread:  ([mutex/lock_event])
[0x0000000001fdd2a0] Threads_lock - owner thread: 0x0000000008021000
[0x0000000001fdcc20] Heap_lock - owner thread: 0x0000000001fdd800

Heap
 PSYoungGen      total 37888K, used 37863K [0x00000000eaa80000, 0x00000000ef480000, 0x0000000100000000)
  eden space 32768K, 100% used [0x00000000eaa80000,0x00000000eca80000,0x00000000eca80000)
  from space 5120K, 99% used [0x00000000ecf80000,0x00000000ed479c78,0x00000000ed480000)
  to   space 5120K, 96% used [0x00000000eca80000,0x00000000ecf50000,0x00000000ecf80000)
 ParOldGen       total 85504K, used 6393K [0x00000000c0000000, 0x00000000c5380000, 0x00000000eaa80000)
  object space 85504K, 7% used [0x00000000c0000000,0x00000000c063e780,0x00000000c5380000)
 PSPermGen       total 21504K, used 5666K [0x00000000bae00000, 0x00000000bc300000, 0x00000000c0000000)
  object space 21504K, 26% used [0x00000000bae00000,0x00000000bb388bd0,0x00000000bc300000)

Card table byte_map: [0x0000000005290000,0x00000000054c0000] byte_map_base: 0x0000000004cb9000

Polling page: 0x0000000000620000

Code Cache  [0x0000000002290000, 0x0000000002500000, 0x0000000005290000)
 total_blobs=680 nmethods=446 adapters=186 free_code_cache=47228Kb largest_free_block=48327168

Compilation events (10 events):
Event: 10.668 Thread 0x000000000806f800 nmethod 447 0x000000000240d690 code [0x000000000240d7e0, 0x000000000240d918]
Event: 10.744 Thread 0x0000000008065800  449   !         com.android.dx.cf.code.Ropper::processBlock (1101 bytes)
Event: 10.757 Thread 0x000000000806f800  450             com.android.dx.rop.code.BasicBlockList$RegCountVisitor::visitThrowingCstInsn (6 bytes)
Event: 10.764 Thread 0x000000000806f800 nmethod 450 0x0000000002468450 code [0x00000000024685c0, 0x0000000002468858]
Event: 10.864 Thread 0x000000000806f800  451             com.android.dx.util.ByteArray::<init> (81 bytes)
Event: 10.866 Thread 0x000000000806f800 nmethod 451 0x0000000002468150 code [0x00000000024682a0, 0x0000000002468358]
Event: 10.872 Thread 0x000000000806f800  452             com.android.dx.rop.type.Type::compareTo (12 bytes)
Event: 10.873 Thread 0x000000000806f800 nmethod 452 0x0000000002467dd0 code [0x0000000002467f00, 0x0000000002468058]
Event: 10.915 Thread 0x000000000806f800  453             com.android.dx.cf.code.BasicBlocker::visitCommon (34 bytes)
Event: 10.918 Thread 0x000000000806f800 nmethod 453 0x00000000024678d0 code [0x0000000002467a20, 0x0000000002467b98]

GC Heap History (5 events):
Event: 6.735 GC heap before
{Heap before GC invocations=1 (full 0):
 PSYoungGen      total 37888K, used 32768K [0x00000000eaa80000, 0x00000000ed480000, 0x0000000100000000)
  eden space 32768K, 100% used [0x00000000eaa80000,0x00000000eca80000,0x00000000eca80000)
  from space 5120K, 0% used [0x00000000ecf80000,0x00000000ecf80000,0x00000000ed480000)
  to   space 5120K, 0% used [0x00000000eca80000,0x00000000eca80000,0x00000000ecf80000)
 ParOldGen       total 85504K, used 0K [0x00000000c0000000, 0x00000000c5380000, 0x00000000eaa80000)
  object space 85504K, 0% used [0x00000000c0000000,0x00000000c0000000,0x00000000c5380000)
 PSPermGen       total 21504K, used 5566K [0x00000000bae00000, 0x00000000bc300000, 0x00000000c0000000)
  object space 21504K, 25% used [0x00000000bae00000,0x00000000bb36fbe0,0x00000000bc300000)
Event: 6.747 GC heap after
Heap after GC invocations=1 (full 0):
 PSYoungGen      total 37888K, used 5111K [0x00000000eaa80000, 0x00000000ed480000, 0x0000000100000000)
  eden space 32768K, 0% used [0x00000000eaa80000,0x00000000eaa80000,0x00000000eca80000)
  from space 5120K, 99% used [0x00000000eca80000,0x00000000ecf7dc88,0x00000000ecf80000)
  to   space 5120K, 0% used [0x00000000ecf80000,0x00000000ecf80000,0x00000000ed480000)
 ParOldGen       total 85504K, used 1530K [0x00000000c0000000, 0x00000000c5380000, 0x00000000eaa80000)
  object space 85504K, 1% used [0x00000000c0000000,0x00000000c017e948,0x00000000c5380000)
 PSPermGen       total 21504K, used 5566K [0x00000000bae00000, 0x00000000bc300000, 0x00000000c0000000)
  object space 21504K, 25% used [0x00000000bae00000,0x00000000bb36fbe0,0x00000000bc300000)
}
Event: 9.000 GC heap before
{Heap before GC invocations=2 (full 0):
 PSYoungGen      total 37888K, used 37879K [0x00000000eaa80000, 0x00000000ed480000, 0x0000000100000000)
  eden space 32768K, 100% used [0x00000000eaa80000,0x00000000eca80000,0x00000000eca80000)
  from space 5120K, 99% used [0x00000000eca80000,0x00000000ecf7dc88,0x00000000ecf80000)
  to   space 5120K, 0% used [0x00000000ecf80000,0x00000000ecf80000,0x00000000ed480000)
 ParOldGen       total 85504K, used 1530K [0x00000000c0000000, 0x00000000c5380000, 0x00000000eaa80000)
  object space 85504K, 1% used [0x00000000c0000000,0x00000000c017e948,0x00000000c5380000)
 PSPermGen       total 21504K, used 5627K [0x00000000bae00000, 0x00000000bc300000, 0x00000000c0000000)
  object space 21504K, 26% used [0x00000000bae00000,0x00000000bb37eec0,0x00000000bc300000)
Event: 9.069 GC heap after
Heap after GC invocations=2 (full 0):
 PSYoungGen      total 37888K, used 5095K [0x00000000eaa80000, 0x00000000ef480000, 0x0000000100000000)
  eden space 32768K, 0% used [0x00000000eaa80000,0x00000000eaa80000,0x00000000eca80000)
  from space 5120K, 99% used [0x00000000ecf80000,0x00000000ed479c78,0x00000000ed480000)
  to   space 5120K, 0% used [0x00000000eca80000,0x00000000eca80000,0x00000000ecf80000)
 ParOldGen       total 85504K, used 6393K [0x00000000c0000000, 0x00000000c5380000, 0x00000000eaa80000)
  object space 85504K, 7% used [0x00000000c0000000,0x00000000c063e780,0x00000000c5380000)
 PSPermGen       total 21504K, used 5627K [0x00000000bae00000, 0x00000000bc300000, 0x00000000c0000000)
  object space 21504K, 26% used [0x00000000bae00000,0x00000000bb37eec0,0x00000000bc300000)
}
Event: 10.929 GC heap before
{Heap before GC invocations=3 (full 0):
 PSYoungGen      total 37888K, used 37863K [0x00000000eaa80000, 0x00000000ef480000, 0x0000000100000000)
  eden space 32768K, 100% used [0x00000000eaa80000,0x00000000eca80000,0x00000000eca80000)
  from space 5120K, 99% used [0x00000000ecf80000,0x00000000ed479c78,0x00000000ed480000)
  to   space 5120K, 0% used [0x00000000eca80000,0x00000000eca80000,0x00000000ecf80000)
 ParOldGen       total 85504K, used 6393K [0x00000000c0000000, 0x00000000c5380000, 0x00000000eaa80000)
  object space 85504K, 7% used [0x00000000c0000000,0x00000000c063e780,0x00000000c5380000)
 PSPermGen       total 21504K, used 5666K [0x00000000bae00000, 0x00000000bc300000, 0x00000000c0000000)
  object space 21504K, 26% used [0x00000000bae00000,0x00000000bb388bd0,0x00000000bc300000)

Deoptimization events (10 events):
Event: 8.254 Thread 0x0000000001fdd800 Uncommon trap: reason=null_check action=make_not_entrant pc=0x00000000023f13f4 method=com.android.dx.dex.file.MethodIdsSection.intern(Lcom/android/dx/rop/cst/CstBaseMethodRef;)Lcom/android/dx/dex/file/MethodIdItem; @ 26
Event: 8.702 Thread 0x0000000001fdd800 Uncommon trap: reason=class_check action=maybe_recompile pc=0x00000000023c6554 method=com.android.dx.cf.code.BytecodeArray.parseInstruction(ILcom/android/dx/cf/code/BytecodeArray$Visitor;)I @ 1051
Event: 8.702 Thread 0x0000000001fdd800 Uncommon trap: reason=class_check action=maybe_recompile pc=0x00000000023c6504 method=com.android.dx.cf.code.BytecodeArray.parseInstruction(ILcom/android/dx/cf/code/BytecodeArray$Visitor;)I @ 1035
Event: 8.703 Thread 0x0000000001fdd800 Uncommon trap: reason=class_check action=maybe_recompile pc=0x00000000023c6554 method=com.android.dx.cf.code.BytecodeArray.parseInstruction(ILcom/android/dx/cf/code/BytecodeArray$Visitor;)I @ 1051
Event: 8.703 Thread 0x0000000001fdd800 Uncommon trap: reason=class_check action=maybe_recompile pc=0x00000000023c6504 method=com.android.dx.cf.code.BytecodeArray.parseInstruction(ILcom/android/dx/cf/code/BytecodeArray$Visitor;)I @ 1035
Event: 8.766 Thread 0x0000000001fdd800 Uncommon trap: reason=bimorphic action=maybe_recompile pc=0x000000000235fa08 method=java.util.HashMap.put(Ljava/lang/Object;Ljava/lang/Object;)Ljava/lang/Object; @ 83
Event: 9.260 Thread 0x0000000001fdd800 Uncommon trap: reason=unreached action=reinterpret pc=0x0000000002361600 method=com.android.dx.ssa.SCCP.simulateBranch(Lcom/android/dx/ssa/SsaInsn;)V @ 132
Event: 9.260 Thread 0x0000000001fdd800 Uncommon trap: reason=unloaded action=reinterpret pc=0x00000000023b9698 method=com.android.dx.ssa.LiteralOpUpgrader$1.visitNonMoveInsn(Lcom/android/dx/ssa/NormalSsaInsn;)V @ 72
Event: 9.972 Thread 0x0000000001fdd800 Uncommon trap: reason=null_check action=make_not_entrant pc=0x0000000002452d10 method=com.android.dx.dex.file.FieldIdsSection.intern(Lcom/android/dx/rop/cst/CstFieldRef;)Lcom/android/dx/dex/file/FieldIdItem; @ 26
Event: 10.574 Thread 0x0000000001fdd800 Uncommon trap: reason=null_check action=make_not_entrant pc=0x000000000245ec8c method=com.android.dx.cf.code.Ropper$CatchInfo.getSetup(Lcom/android/dx/rop/type/Type;)Lcom/android/dx/cf/code/Ropper$ExceptionHandlerSetup; @ 10

Internal exceptions (10 events):
Event: 4.879 Thread 0x0000000001fdd800 Threw 0x00000000ebd63618 at C:\re\jdk7u79\2331\hotspot\src\share\vm\prims\jvm.cpp:1304
Event: 5.438 Thread 0x0000000001fdd800 Implicit null exception at 0x0000000002341586 to 0x000000000234241d
Event: 5.449 Thread 0x0000000001fdd800 Threw 0x00000000ebf9b980 at C:\re\jdk7u79\2331\hotspot\src\share\vm\prims\jvm.cpp:1304
Event: 5.666 Thread 0x0000000001fdd800 Implicit null exception at 0x00000000023457e6 to 0x00000000023467e9
Event: 6.344 Thread 0x0000000001fdd800 Implicit null exception at 0x00000000023674c7 to 0x0000000002367ba5
Event: 6.507 Thread 0x0000000001fdd800 Threw 0x00000000ec7df378 at C:\re\jdk7u79\2331\hotspot\src\share\vm\prims\jvm.cpp:1304
Event: 8.254 Thread 0x0000000001fdd800 Implicit null exception at 0x00000000023f0d34 to 0x00000000023f13e5
Event: 9.260 Thread 0x0000000001fdd800 Threw 0x00000000eb0514c0 at C:\re\jdk7u79\2331\hotspot\src\share\vm\prims\jvm.cpp:1304
Event: 9.445 Thread 0x0000000001fdd800 Threw 0x00000000eb1e9ef0 at C:\re\jdk7u79\2331\hotspot\src\share\vm\prims\jvm.cpp:1304
Event: 10.574 Thread 0x0000000001fdd800 Implicit null exception at 0x000000000245c944 to 0x000000000245ec81

Events (10 events):
Event: 9.445 loading class 0x0000000009ba6fa0
Event: 9.445 loading class 0x0000000009ba6fa0 done
Event: 9.972 Thread 0x0000000001fdd800 Uncommon trap: trap_request=0xfffffff4 fr.pc=0x0000000002452d10
Event: 9.972 Thread 0x0000000001fdd800 DEOPT PACKING pc=0x0000000002452d10 sp=0x000000000218eff0
Event: 9.972 Thread 0x0000000001fdd800 DEOPT UNPACKING pc=0x00000000022c75a4 sp=0x000000000218ef58 mode 2
Event: 10.354 Thread 0x0000000008065800 flushing nmethod 0x0000000002366dd0
Event: 10.574 Thread 0x0000000001fdd800 Uncommon trap: trap_request=0xfffffff4 fr.pc=0x000000000245ec8c
Event: 10.574 Thread 0x0000000001fdd800 DEOPT PACKING pc=0x000000000245ec8c sp=0x000000000218ece0
Event: 10.574 Thread 0x0000000001fdd800 DEOPT UNPACKING pc=0x00000000022c75a4 sp=0x000000000218ec28 mode 2
Event: 10.929 Executing VM operation: ParallelGCFailedAllocation


Dynamic libraries:
0x00007ff6048d0000 - 0x00007ff604903000 	C:\Program Files\Java\jdk1.7.0_79\bin\java.exe
0x00007fff0c490000 - 0x00007fff0c63d000 	C:\Windows\SYSTEM32\ntdll.dll
0x00007fff0b5e0000 - 0x00007fff0b71e000 	C:\Windows\system32\KERNEL32.DLL
0x00007fff098f0000 - 0x00007fff09a05000 	C:\Windows\system32\KERNELBASE.dll
0x00007fff08180000 - 0x00007fff0820e000 	C:\Windows\system32\apphelp.dll
0x00007ffeebc00000 - 0x00007ffeebc53000 	C:\Windows\AppPatch\AppPatch64\AcGenral.DLL
0x00007fff0c3e0000 - 0x00007fff0c48a000 	C:\Windows\system32\msvcrt.dll
0x00007fff09410000 - 0x00007fff0943e000 	C:\Windows\SYSTEM32\SspiCli.dll
0x00007fff0baa0000 - 0x00007fff0baf4000 	C:\Windows\system32\SHLWAPI.dll
0x00007fff0bb00000 - 0x00007fff0bc77000 	C:\Windows\system32\USER32.dll
0x00007fff0b720000 - 0x00007fff0b8b4000 	C:\Windows\system32\ole32.dll
0x00007fff09b20000 - 0x00007fff0b04a000 	C:\Windows\system32\SHELL32.dll
0x00007fff08ba0000 - 0x00007fff08bc1000 	C:\Windows\SYSTEM32\USERENV.dll
0x00007fff0be40000 - 0x00007fff0beea000 	C:\Windows\system32\ADVAPI32.dll
0x00007ffefe230000 - 0x00007ffefe24e000 	C:\Windows\SYSTEM32\MPR.dll
0x00007fff0bc90000 - 0x00007fff0bdd1000 	C:\Windows\system32\RPCRT4.dll
0x00007fff0b320000 - 0x00007fff0b379000 	C:\Windows\SYSTEM32\sechost.dll
0x00007fff0b3a0000 - 0x00007fff0b5b1000 	C:\Windows\SYSTEM32\combase.dll
0x00007fff0c290000 - 0x00007fff0c3e0000 	C:\Windows\system32\GDI32.dll
0x00007fff095e0000 - 0x00007fff095f5000 	C:\Windows\SYSTEM32\profapi.dll
0x00007fff07b50000 - 0x00007fff07c02000 	C:\Windows\SYSTEM32\SHCORE.dll
0x00007fff0c0c0000 - 0x00007fff0c0f6000 	C:\Windows\system32\IMM32.DLL
0x00007fff0bef0000 - 0x00007fff0c042000 	C:\Windows\system32\MSCTF.dll
0x00007fff07230000 - 0x00007fff074ab000 	C:\Windows\WinSxS\amd64_microsoft.windows.common-controls_6595b64144ccf1df_6.0.9600.18006_none_623f33d3ecbe86e8\COMCTL32.dll
0x0000000071140000 - 0x0000000071212000 	C:\Program Files\Java\jdk1.7.0_79\jre\bin\msvcr100.dll
0x00000000715d0000 - 0x0000000071da5000 	C:\Program Files\Java\jdk1.7.0_79\jre\bin\server\jvm.dll
0x00007ffed3140000 - 0x00007ffed3149000 	C:\Windows\SYSTEM32\WSOCK32.dll
0x00007ffef47e0000 - 0x00007ffef4802000 	C:\Windows\SYSTEM32\WINMM.dll
0x00007fff09b10000 - 0x00007fff09b17000 	C:\Windows\system32\PSAPI.DLL
0x00007fff0bde0000 - 0x00007fff0be3a000 	C:\Windows\system32\WS2_32.dll
0x00007ffef47b0000 - 0x00007ffef47da000 	C:\Windows\SYSTEM32\WINMMBASE.dll
0x00007fff0bc80000 - 0x00007fff0bc89000 	C:\Windows\system32\NSI.dll
0x00007fff09a10000 - 0x00007fff09a5f000 	C:\Windows\SYSTEM32\cfgmgr32.dll
0x00007fff083d0000 - 0x00007fff083f8000 	C:\Windows\SYSTEM32\DEVOBJ.dll
0x00000000715c0000 - 0x00000000715cf000 	C:\Program Files\Java\jdk1.7.0_79\jre\bin\verify.dll
0x0000000071590000 - 0x00000000715b8000 	C:\Program Files\Java\jdk1.7.0_79\jre\bin\java.dll
0x0000000071570000 - 0x0000000071585000 	C:\Program Files\Java\jdk1.7.0_79\jre\bin\zip.dll
0x0000000071550000 - 0x000000007156a000 	C:\Program Files\Java\jdk1.7.0_79\jre\bin\net.dll
0x00007fff08ca0000 - 0x00007fff08cf9000 	C:\Windows\system32\mswsock.dll
0x0000000071530000 - 0x0000000071541000 	C:\Program Files\Java\jdk1.7.0_79\jre\bin\nio.dll

VM Arguments:
jvm_args: -Djava.awt.headless=true -Xmx1024M -Dfile.encoding=windows-1251 -Duser.country=RU -Duser.language=ru -Duser.variant 
java_command: com.android.dx.command.Main --dex --output C:\Users\Nurs\AndroidStudioProjects\PasswordBook\app\build\intermediates\pre-dexed\debug\internal_impl-23.1.1_0e54c0bdaf3530d010357adf342d88d83595ee51.jar C:\Users\Nurs\AndroidStudioProjects\PasswordBook\app\build\intermediates\exploded-aar\com.android.support\support-v4\23.1.1\jars\libs\internal_impl-23.1.1.jar
Launcher Type: SUN_STANDARD

Environment Variables:
PATH=C:\Program Files (x86)\Common Files\Intel\Shared Files\cpp\bin\Intel64;C:\Program Files (x86)\Intel\iCLS Client\;C:\Program Files\Intel\iCLS Client\;C:\Windows\system32;C:\Windows;C:\Windows\System32\Wbem;C:\Windows\System32\WindowsPowerShell\v1.0\;C:\Program Files\Intel\Intel(R) Management Engine Components\DAL;C:\Program Files\Intel\Intel(R) Management Engine Components\IPT;C:\Program Files (x86)\Intel\Intel(R) Management Engine Components\DAL;C:\Program Files (x86)\Intel\Intel(R) Management Engine Components\IPT;C:\Program Files (x86)\Windows Kits\8.1\Windows Performance Toolkit\;C:\Program Files\Microsoft SQL Server\110\Tools\Binn\;C:\Program Files (x86)\Microsoft SDKs\TypeScript\1.0\;C:\Program Files\Microsoft SQL Server\120\Tools\Binn\;C:\Program Files\Microsoft\Web Platform Installer\;C:\Users\Nurs\.dnx\bin;C:\Program Files\Microsoft DNX\Dnvm\;C:\Program Files\Microsoft SQL Server\120\DTS\Binn\;C:\Program Files\Microsoft SQL Server\Client SDK\ODBC\110\Tools\Binn\;C:\Program Files (x86)\Microsoft SQL Server\120\Tools\Binn\;C:\Program Files (x86)\Microsoft SQL Server\120\Tools\Binn\ManagementStudio\;C:\Program Files (x86)\Microsoft SQL Server\120\DTS\Binn\;C:\Program Files\TortoiseGit\bin;C:\Program Files (x86)\Skype\Phone\;;C:\Program Files (x86)\Simlock Remote Client;C:\Program Files\wget
USERNAME=Nurs
OS=Windows_NT
PROCESSOR_IDENTIFIER=Intel64 Family 6 Model 58 Stepping 9, GenuineIntel



---------------  S Y S T E M  ---------------

OS: Windows 8.1 , 64 bit Build 9600 

CPU:total 4 (2 cores per cpu, 2 threads per core) family 6 model 58 stepping 9, cmov, cx8, fxsr, mmx, sse, sse2, sse3, ssse3, sse4.1, sse4.2, popcnt, avx, aes, erms, ht, tsc, tscinvbit, tscinv

Memory: 4k page, physical 8244012k(1032796k free), swap 11389740k(8044k free)

vm_info: Java HotSpot(TM) 64-Bit Server VM (24.79-b02) for windows-amd64 JRE (1.7.0_79-b15), built on Apr 10 2015 12:36:16 by "java_re" with unknown MS VC++:1600

time: Fri Apr 29 22:16:48 2016
elapsed time: 10 seconds

