#
# There is insufficient memory for the Java Runtime Environment to continue.
# Native memory allocation (malloc) failed to allocate 359216 bytes for Chunk::new
# Possible reasons:
#   The system is out of physical RAM or swap space
#   In 32 bit mode, the process size limit was hit
# Possible solutions:
#   Reduce memory load on the system
#   Increase physical memory or swap space
#   Check if swap backing store is full
#   Use 64 bit Java on a 64 bit OS
#   Decrease Java heap size (-Xmx/-Xms)
#   Decrease number of Java threads
#   Decrease Java thread stack sizes (-Xss)
#   Set larger code cache with -XX:ReservedCodeCacheSize=
# This output file may be truncated or incomplete.
#
#  Out of Memory Error (allocation.cpp:323), pid=7304, tid=7196
#
# JRE version: Java(TM) SE Runtime Environment (7.0_79-b15) (build 1.7.0_79-b15)
# Java VM: Java HotSpot(TM) 64-Bit Server VM (24.79-b02 mixed mode windows-amd64 compressed oops)
# Failed to write core dump. Minidumps are not enabled by default on client versions of Windows
#

---------------  T H R E A D  ---------------

Current thread (0x0000000008810800):  JavaThread "C2 CompilerThread1" daemon [_thread_in_native, id=7196, stack(0x0000000009e80000,0x0000000009f80000)]

Stack: [0x0000000009e80000,0x0000000009f80000]
[error occurred during error reporting (printing stack bounds), id 0xc0000005]


Current CompileTask:
C2:   5581  217   !         com.android.dx.cf.code.Ropper::processBlock (1101 bytes)


---------------  P R O C E S S  ---------------

Java Threads: ( => current thread )
  0x0000000008817000 JavaThread "Service Thread" daemon [_thread_blocked, id=8276, stack(0x0000000009f80000,0x000000000a080000)]
=>0x0000000008810800 JavaThread "C2 CompilerThread1" daemon [_thread_in_native, id=7196, stack(0x0000000009e80000,0x0000000009f80000)]
  0x0000000008805000 JavaThread "C2 CompilerThread0" daemon [_thread_in_native, id=5172, stack(0x0000000009d80000,0x0000000009e80000)]
  0x0000000008804000 JavaThread "Attach Listener" daemon [_thread_blocked, id=3808, stack(0x0000000009c80000,0x0000000009d80000)]
  0x0000000008800800 JavaThread "Signal Dispatcher" daemon [_thread_blocked, id=2912, stack(0x0000000009b80000,0x0000000009c80000)]
  0x00000000087d1800 JavaThread "Finalizer" daemon [_thread_blocked, id=1140, stack(0x0000000009a80000,0x0000000009b80000)]
  0x00000000087c6000 JavaThread "Reference Handler" daemon [_thread_blocked, id=8672, stack(0x0000000009980000,0x0000000009a80000)]
  0x0000000000fad800 JavaThread "main" [_thread_in_Java, id=6472, stack(0x0000000002750000,0x0000000002850000)]

Other Threads:
  0x00000000087c1000 VMThread [stack: 0x0000000009880000,0x0000000009980000] [id=2864]
  0x0000000008825800 WatcherThread [stack: 0x000000000a080000,0x000000000a180000] [id=8432]

VM state:not at safepoint (normal execution)

VM Mutex/Monitor currently owned by a thread: None

Heap
 PSYoungGen      total 37888K, used 29168K [0x00000000eaa80000, 0x00000000ed480000, 0x0000000100000000)
  eden space 32768K, 89% used [0x00000000eaa80000,0x00000000ec6fc080,0x00000000eca80000)
  from space 5120K, 0% used [0x00000000ecf80000,0x00000000ecf80000,0x00000000ed480000)
  to   space 5120K, 0% used [0x00000000eca80000,0x00000000eca80000,0x00000000ecf80000)
 ParOldGen       total 85504K, used 0K [0x00000000c0000000, 0x00000000c5380000, 0x00000000eaa80000)
  object space 85504K, 0% used [0x00000000c0000000,0x00000000c0000000,0x00000000c5380000)
 PSPermGen       total 21504K, used 5496K [0x00000000bae00000, 0x00000000bc300000, 0x00000000c0000000)
  object space 21504K, 25% used [0x00000000bae00000,0x00000000bb35e230,0x00000000bc300000)

Card table byte_map: [0x0000000005a30000,0x0000000005c60000] byte_map_base: 0x0000000005459000

Polling page: 0x0000000000f20000

Code Cache  [0x0000000002a30000, 0x0000000002ca0000, 0x0000000005a30000)
 total_blobs=450 nmethods=216 adapters=186 free_code_cache=48221Kb largest_free_block=49343488

Compilation events (10 events):
Event: 5.376 Thread 0x0000000008810800 nmethod 212 0x0000000002b09c50 code [0x0000000002b09d80, 0x0000000002b09dd8]
Event: 5.377 Thread 0x0000000008810800  213             java.util.HashMap::<init> (119 bytes)
Event: 5.378 Thread 0x0000000008810800 nmethod 213 0x0000000002b098d0 code [0x0000000002b09a20, 0x0000000002b09b18]
Event: 5.378 Thread 0x0000000008810800  214             java.util.HashMap::init (1 bytes)
Event: 5.378 Thread 0x0000000008810800 nmethod 214 0x0000000002b087d0 code [0x0000000002b08900, 0x0000000002b08958]
Event: 5.378 Thread 0x0000000008810800  215             com.android.dx.rop.code.LocalVariableExtractor::processBlock (327 bytes)
Event: 5.435 Thread 0x0000000008810800 nmethod 215 0x0000000002b1d4d0 code [0x0000000002b1d7a0, 0x0000000002b1ecb8]
Event: 5.443 Thread 0x0000000008810800  216             com.android.dx.cf.code.Frame::getStack (5 bytes)
Event: 5.443 Thread 0x0000000008810800 nmethod 216 0x0000000002b085d0 code [0x0000000002b08700, 0x0000000002b08758]
Event: 5.448 Thread 0x0000000008810800  217   !         com.android.dx.cf.code.Ropper::processBlock (1101 bytes)

GC Heap History (0 events):
No events

Deoptimization events (4 events):
Event: 3.016 Thread 0x0000000000fad800 Uncommon trap: reason=null_check action=make_not_entrant pc=0x0000000002aada60 method=com.android.dx.rop.code.LocalItem.equals(Ljava/lang/Object;)Z @ 1
Event: 4.393 Thread 0x0000000000fad800 Uncommon trap: reason=null_check action=make_not_entrant pc=0x0000000002ae6924 method=com.android.dx.rop.code.RegisterSpec.equals(Ljava/lang/Object;)Z @ 1
Event: 4.541 Thread 0x0000000000fad800 Uncommon trap: reason=null_check action=make_not_entrant pc=0x0000000002aee960 method=com.android.dx.ssa.SsaRenamer.getLocalForNewReg(I)Lcom/android/dx/rop/code/LocalItem; @ 19
Event: 4.860 Thread 0x0000000000fad800 Uncommon trap: reason=unreached action=reinterpret pc=0x0000000002afb9e8 method=com.android.dx.ssa.SCCP.simulateBranch(Lcom/android/dx/ssa/SsaInsn;)V @ 132

Internal exceptions (10 events):
Event: 2.187 Thread 0x0000000000fad800 Threw 0x00000000eb3449f0 at C:\re\jdk7u79\2331\hotspot\src\share\vm\prims\jvm.cpp:1304
Event: 2.188 Thread 0x0000000000fad800 Threw 0x00000000eb347310 at C:\re\jdk7u79\2331\hotspot\src\share\vm\prims\jvm.cpp:1304
Event: 2.189 Thread 0x0000000000fad800 Threw 0x00000000eb349b80 at C:\re\jdk7u79\2331\hotspot\src\share\vm\prims\jvm.cpp:1304
Event: 2.189 Thread 0x0000000000fad800 Threw 0x00000000eb34c9c0 at C:\re\jdk7u79\2331\hotspot\src\share\vm\prims\jvm.cpp:1304
Event: 2.461 Thread 0x0000000000fad800 Threw 0x00000000eb3aca50 at C:\re\jdk7u79\2331\hotspot\src\share\vm\prims\jvm.cpp:1304
Event: 3.016 Thread 0x0000000000fad800 Implicit null exception at 0x0000000002aad73b to 0x0000000002aada4d
Event: 3.275 Thread 0x0000000000fad800 Threw 0x00000000eb794648 at C:\re\jdk7u79\2331\hotspot\src\share\vm\prims\jvm.cpp:1304
Event: 4.393 Thread 0x0000000000fad800 Implicit null exception at 0x0000000002ae58ca to 0x0000000002ae68f9
Event: 4.541 Thread 0x0000000000fad800 Implicit null exception at 0x0000000002aed598 to 0x0000000002aee935
Event: 4.935 Thread 0x0000000000fad800 Threw 0x00000000ec198d28 at C:\re\jdk7u79\2331\hotspot\src\share\vm\prims\jvm.cpp:1304

Events (10 events):
Event: 4.393 Thread 0x0000000000fad800 DEOPT PACKING pc=0x0000000002ae6924 sp=0x000000000284eb10
Event: 4.393 Thread 0x0000000000fad800 DEOPT UNPACKING pc=0x0000000002a675a4 sp=0x000000000284ea18 mode 2
Event: 4.541 Thread 0x0000000000fad800 Uncommon trap: trap_request=0xfffffff4 fr.pc=0x0000000002aee960
Event: 4.541 Thread 0x0000000000fad800 DEOPT PACKING pc=0x0000000002aee960 sp=0x000000000284ea60
Event: 4.541 Thread 0x0000000000fad800 DEOPT UNPACKING pc=0x0000000002a675a4 sp=0x000000000284e7f8 mode 2
Event: 4.860 Thread 0x0000000000fad800 Uncommon trap: trap_request=0xffffffad fr.pc=0x0000000002afb9e8
Event: 4.860 Thread 0x0000000000fad800 DEOPT PACKING pc=0x0000000002afb9e8 sp=0x000000000284e9f0
Event: 4.861 Thread 0x0000000000fad800 DEOPT UNPACKING pc=0x0000000002a675a4 sp=0x000000000284e9a8 mode 2
Event: 4.935 loading class 0x00000000088652c0
Event: 4.935 loading class 0x00000000088652c0 done


Dynamic libraries:
0x00007ff760c20000 - 0x00007ff760c53000 	C:\Program Files\Java\jdk1.7.0_79\bin\java.exe
0x00007ffe40950000 - 0x00007ffe40afc000 	C:\Windows\SYSTEM32\ntdll.dll
0x00007ffe3f9b0000 - 0x00007ffe3faee000 	C:\Windows\system32\KERNEL32.DLL
0x00007ffe3de00000 - 0x00007ffe3df15000 	C:\Windows\system32\KERNELBASE.dll
0x00007ffe3c640000 - 0x00007ffe3c6ce000 	C:\Windows\system32\apphelp.dll
0x00007ffe0cdc0000 - 0x00007ffe0ce13000 	C:\Windows\AppPatch\AppPatch64\AcGenral.DLL
0x00007ffe3fbb0000 - 0x00007ffe3fc5a000 	C:\Windows\system32\msvcrt.dll
0x00007ffe3d940000 - 0x00007ffe3d96e000 	C:\Windows\SYSTEM32\SspiCli.dll
0x00007ffe40480000 - 0x00007ffe404d4000 	C:\Windows\system32\SHLWAPI.dll
0x00007ffe407d0000 - 0x00007ffe40947000 	C:\Windows\system32\USER32.dll
0x00007ffe40090000 - 0x00007ffe40224000 	C:\Windows\system32\ole32.dll
0x00007ffe3e470000 - 0x00007ffe3f99b000 	C:\Windows\system32\SHELL32.dll
0x00007ffe3d0a0000 - 0x00007ffe3d0c1000 	C:\Windows\SYSTEM32\USERENV.dll
0x00007ffe40540000 - 0x00007ffe405ea000 	C:\Windows\system32\ADVAPI32.dll
0x00007ffe31790000 - 0x00007ffe317ae000 	C:\Windows\SYSTEM32\MPR.dll
0x00007ffe3fc60000 - 0x00007ffe3fda1000 	C:\Windows\system32\RPCRT4.dll
0x00007ffe3e200000 - 0x00007ffe3e259000 	C:\Windows\SYSTEM32\sechost.dll
0x00007ffe3dfd0000 - 0x00007ffe3e1e1000 	C:\Windows\SYSTEM32\combase.dll
0x00007ffe40270000 - 0x00007ffe403c0000 	C:\Windows\system32\GDI32.dll
0x00007ffe3daa0000 - 0x00007ffe3dab5000 	C:\Windows\SYSTEM32\profapi.dll
0x00007ffe3c010000 - 0x00007ffe3c0c2000 	C:\Windows\SYSTEM32\SHCORE.dll
0x00007ffe40230000 - 0x00007ffe40266000 	C:\Windows\system32\IMM32.DLL
0x00007ffe405f0000 - 0x00007ffe40742000 	C:\Windows\system32\MSCTF.dll
0x00007ffe3b700000 - 0x00007ffe3b97b000 	C:\Windows\WinSxS\amd64_microsoft.windows.common-controls_6595b64144ccf1df_6.0.9600.18006_none_623f33d3ecbe86e8\COMCTL32.dll
0x00000000645c0000 - 0x0000000064692000 	C:\Program Files\Java\jdk1.7.0_79\jre\bin\msvcr100.dll
0x0000000064a30000 - 0x0000000065205000 	C:\Program Files\Java\jdk1.7.0_79\jre\bin\server\jvm.dll
0x00007ffe35b50000 - 0x00007ffe35b59000 	C:\Windows\SYSTEM32\WSOCK32.dll
0x00007ffe363d0000 - 0x00007ffe363f2000 	C:\Windows\SYSTEM32\WINMM.dll
0x00007ffe3fdb0000 - 0x00007ffe3fdb7000 	C:\Windows\system32\PSAPI.DLL
0x00007ffe404e0000 - 0x00007ffe4053a000 	C:\Windows\system32\WS2_32.dll
0x00007ffe363a0000 - 0x00007ffe363ca000 	C:\Windows\SYSTEM32\WINMMBASE.dll
0x00007ffe3e1f0000 - 0x00007ffe3e1f9000 	C:\Windows\system32\NSI.dll
0x00007ffe3dbd0000 - 0x00007ffe3dc1f000 	C:\Windows\SYSTEM32\cfgmgr32.dll
0x00007ffe3c890000 - 0x00007ffe3c8b8000 	C:\Windows\SYSTEM32\DEVOBJ.dll
0x0000000065300000 - 0x000000006530f000 	C:\Program Files\Java\jdk1.7.0_79\jre\bin\verify.dll
0x0000000064a00000 - 0x0000000064a28000 	C:\Program Files\Java\jdk1.7.0_79\jre\bin\java.dll
0x00000000649e0000 - 0x00000000649f5000 	C:\Program Files\Java\jdk1.7.0_79\jre\bin\zip.dll
0x00000000649c0000 - 0x00000000649da000 	C:\Program Files\Java\jdk1.7.0_79\jre\bin\net.dll
0x00007ffe3d310000 - 0x00007ffe3d369000 	C:\Windows\system32\mswsock.dll
0x00000000649a0000 - 0x00000000649b1000 	C:\Program Files\Java\jdk1.7.0_79\jre\bin\nio.dll

VM Arguments:
jvm_args: -Djava.awt.headless=true -Xmx1024M -Dfile.encoding=windows-1251 -Duser.country=RU -Duser.language=ru -Duser.variant 
java_command: com.android.dx.command.Main --dex --output C:\Users\Nurs\AndroidStudioProjects\PasswordBook\app\build\intermediates\pre-dexed\debug\okhttp-2.6.0_92a221afa2c9b157f654f19e16ac5b97d181b68c.jar C:\Users\Nurs\.gradle\caches\modules-2\files-2.1\com.squareup.okhttp\okhttp\2.6.0\212387a39088ecd3daff8e3bfc3bdc4123e33c67\okhttp-2.6.0.jar
Launcher Type: SUN_STANDARD

Environment Variables:
PATH=C:\Program Files (x86)\Intel\iCLS Client\;C:\Program Files\Intel\iCLS Client\;C:\Windows\system32;C:\Windows;C:\Windows\System32\Wbem;C:\Windows\System32\WindowsPowerShell\v1.0\;C:\Program Files\Intel\Intel(R) Management Engine Components\DAL;C:\Program Files\Intel\Intel(R) Management Engine Components\IPT;C:\Program Files (x86)\Intel\Intel(R) Management Engine Components\DAL;C:\Program Files (x86)\Intel\Intel(R) Management Engine Components\IPT;C:\Program Files (x86)\Windows Kits\8.1\Windows Performance Toolkit\;C:\Program Files\Microsoft SQL Server\110\Tools\Binn\;C:\Program Files (x86)\Microsoft SDKs\TypeScript\1.0\;C:\Program Files\Microsoft SQL Server\120\Tools\Binn\;C:\Program Files\Microsoft\Web Platform Installer\;C:\Windows\system32\config\systemprofile\.dnx\bin;C:\Program Files\Microsoft DNX\Dnvm\;C:\Program Files\Microsoft SQL Server\120\DTS\Binn\;C:\Program Files\Microsoft SQL Server\Client SDK\ODBC\110\Tools\Binn\;C:\Program Files (x86)\Microsoft SQL Server\120\Tools\Binn\;C:\Program Files (x86)\Microsoft SQL Server\120\Tools\Binn\ManagementStudio\;C:\Program Files (x86)\Microsoft SQL Server\120\DTS\Binn\;C:\Program Files\TortoiseGit\bin;C:\Program Files (x86)\Skype\Phone\;;C:\Program Files (x86)\Simlock Remote Client
USERNAME=Nurs
OS=Windows_NT
PROCESSOR_IDENTIFIER=Intel64 Family 6 Model 58 Stepping 9, GenuineIntel



---------------  S Y S T E M  ---------------

OS: Windows 8.1 , 64 bit Build 9600 

CPU:total 4 (2 cores per cpu, 2 threads per core) family 6 model 58 stepping 9, cmov, cx8, fxsr, mmx, sse, sse2, sse3, ssse3, sse4.1, sse4.2, popcnt, avx, aes, erms, ht, tsc, tscinvbit, tscinv

Memory: 4k page, physical 8244012k(922304k free), swap 11389740k(5332k free)

vm_info: Java HotSpot(TM) 64-Bit Server VM (24.79-b02) for windows-amd64 JRE (1.7.0_79-b15), built on Apr 10 2015 12:36:16 by "java_re" with unknown MS VC++:1600

time: Wed Jan 20 02:02:47 2016
elapsed time: 5 seconds

