#
# There is insufficient memory for the Java Runtime Environment to continue.
# Native memory allocation (malloc) failed to allocate 285456 bytes for Chunk::new
# Possible reasons:
#   The system is out of physical RAM or swap space
#   In 32 bit mode, the process size limit was hit
# Possible solutions:
#   Reduce memory load on the system
#   Increase physical memory or swap space
#   Check if swap backing store is full
#   Use 64 bit Java on a 64 bit OS
#   Decrease Java heap size (-Xmx/-Xms)
#   Decrease number of Java threads
#   Decrease Java thread stack sizes (-Xss)
#   Set larger code cache with -XX:ReservedCodeCacheSize=
# This output file may be truncated or incomplete.
#
#  Out of Memory Error (allocation.cpp:323), pid=14204, tid=10380
#
# JRE version: Java(TM) SE Runtime Environment (7.0_79-b15) (build 1.7.0_79-b15)
# Java VM: Java HotSpot(TM) 64-Bit Server VM (24.79-b02 mixed mode windows-amd64 compressed oops)
# Failed to write core dump. Minidumps are not enabled by default on client versions of Windows
#

---------------  T H R E A D  ---------------

Current thread (0x00000000084b5800):  JavaThread "C2 CompilerThread0" daemon [_thread_in_native, id=10380, stack(0x0000000009a20000,0x0000000009b20000)]

Stack: [0x0000000009a20000,0x0000000009b20000]
[error occurred during error reporting (printing stack bounds), id 0xc0000005]


[error occurred during error reporting (printing native stack), id 0xc0000005]


Current CompileTask:
C2:   5937  148             com.android.dx.ssa.back.LivenessAnalyzer::run (231 bytes)


---------------  P R O C E S S  ---------------

Java Threads: ( => current thread )
  0x00000000084c9800 JavaThread "Service Thread" daemon [_thread_blocked, id=18376, stack(0x0000000009c20000,0x0000000009d20000)]
  0x00000000084b7800 JavaThread "C2 CompilerThread1" daemon [_thread_blocked, id=8576, stack(0x0000000009b20000,0x0000000009c20000)]
=>0x00000000084b5800 JavaThread "C2 CompilerThread0" daemon [_thread_in_native, id=10380, stack(0x0000000009a20000,0x0000000009b20000)]
  0x00000000084b4800 JavaThread "Attach Listener" daemon [_thread_blocked, id=16972, stack(0x0000000009920000,0x0000000009a20000)]
  0x00000000084b1800 JavaThread "Signal Dispatcher" daemon [_thread_blocked, id=11092, stack(0x0000000009820000,0x0000000009920000)]
  0x0000000008479800 JavaThread "Finalizer" daemon [_thread_blocked, id=11952, stack(0x0000000009720000,0x0000000009820000)]
  0x0000000008476800 JavaThread "Reference Handler" daemon [_thread_blocked, id=8616, stack(0x0000000009620000,0x0000000009720000)]
  0x000000000244d800 JavaThread "main" [_thread_in_Java, id=16484, stack(0x00000000024e0000,0x00000000025e0000)]

Other Threads:
  0x0000000008471000 VMThread [stack: 0x0000000009520000,0x0000000009620000] [id=17588]
  0x00000000084d4000 WatcherThread [stack: 0x0000000009d20000,0x0000000009e20000] [id=4284]

VM state:not at safepoint (normal execution)

VM Mutex/Monitor currently owned by a thread: None

Heap
 PSYoungGen      total 37888K, used 17374K [0x00000000eaa80000, 0x00000000ed480000, 0x0000000100000000)
  eden space 32768K, 53% used [0x00000000eaa80000,0x00000000ebb77aa8,0x00000000eca80000)
  from space 5120K, 0% used [0x00000000ecf80000,0x00000000ecf80000,0x00000000ed480000)
  to   space 5120K, 0% used [0x00000000eca80000,0x00000000eca80000,0x00000000ecf80000)
 ParOldGen       total 85504K, used 0K [0x00000000c0000000, 0x00000000c5380000, 0x00000000eaa80000)
  object space 85504K, 0% used [0x00000000c0000000,0x00000000c0000000,0x00000000c5380000)
 PSPermGen       total 21504K, used 5402K [0x00000000bae00000, 0x00000000bc300000, 0x00000000c0000000)
  object space 21504K, 25% used [0x00000000bae00000,0x00000000bb346878,0x00000000bc300000)

Card table byte_map: [0x00000000056e0000,0x0000000005910000] byte_map_base: 0x0000000005109000

Polling page: 0x0000000000da0000

Code Cache  [0x00000000026e0000, 0x0000000002950000, 0x00000000056e0000)
 total_blobs=381 nmethods=147 adapters=186 free_code_cache=48545Kb largest_free_block=49684224

Compilation events (10 events):
Event: 5.820 Thread 0x00000000084b5800 nmethod 143 0x0000000002762950 code [0x0000000002762a80, 0x0000000002762bd8]
Event: 5.891 Thread 0x00000000084b7800  144             com.android.dx.ssa.NormalSsaInsn::isNormalMoveInsn (20 bytes)
Event: 5.892 Thread 0x00000000084b7800 nmethod 144 0x0000000002762710 code [0x0000000002762840, 0x00000000027628b8]
Event: 5.910 Thread 0x00000000084b5800  145             java.util.ArrayList::remove (77 bytes)
Event: 5.920 Thread 0x00000000084b5800 nmethod 145 0x00000000027790d0 code [0x0000000002779220, 0x0000000002779618]
Event: 5.920 Thread 0x00000000084b7800  146             java.util.BitSet::or (105 bytes)
Event: 5.921 Thread 0x00000000084b5800  147             java.util.Collections$UnmodifiableCollection$1::hasNext (10 bytes)
Event: 5.922 Thread 0x00000000084b5800 nmethod 147 0x000000000277ad10 code [0x000000000277ae60, 0x000000000277af18]
Event: 5.924 Thread 0x00000000084b5800  148             com.android.dx.ssa.back.LivenessAnalyzer::run (231 bytes)
Event: 5.926 Thread 0x00000000084b7800 nmethod 146 0x0000000002778b10 code [0x0000000002778c60, 0x0000000002778ea8]

GC Heap History (0 events):
No events

Deoptimization events (1 events):
Event: 4.239 Thread 0x000000000244d800 Uncommon trap: reason=null_check action=make_not_entrant pc=0x000000000275d3a0 method=com.android.dx.rop.code.LocalItem.equals(Ljava/lang/Object;)Z @ 1

Internal exceptions (10 events):
Event: 3.428 Thread 0x000000000244d800 Threw 0x00000000eb28dd88 at C:\re\jdk7u79\2331\hotspot\src\share\vm\prims\jvm.cpp:1304
Event: 3.435 Thread 0x000000000244d800 Threw 0x00000000eb2920e0 at C:\re\jdk7u79\2331\hotspot\src\share\vm\prims\jvm.cpp:1304
Event: 3.436 Thread 0x000000000244d800 Threw 0x00000000eb2959a8 at C:\re\jdk7u79\2331\hotspot\src\share\vm\prims\jvm.cpp:1304
Event: 3.441 Thread 0x000000000244d800 Threw 0x00000000eb2a2410 at C:\re\jdk7u79\2331\hotspot\src\share\vm\prims\jvm.cpp:1304
Event: 3.441 Thread 0x000000000244d800 Threw 0x00000000eb2a4d30 at C:\re\jdk7u79\2331\hotspot\src\share\vm\prims\jvm.cpp:1304
Event: 3.442 Thread 0x000000000244d800 Threw 0x00000000eb2a75a0 at C:\re\jdk7u79\2331\hotspot\src\share\vm\prims\jvm.cpp:1304
Event: 3.443 Thread 0x000000000244d800 Threw 0x00000000eb2aa3e0 at C:\re\jdk7u79\2331\hotspot\src\share\vm\prims\jvm.cpp:1304
Event: 3.564 Thread 0x000000000244d800 Threw 0x00000000eb30a470 at C:\re\jdk7u79\2331\hotspot\src\share\vm\prims\jvm.cpp:1304
Event: 4.239 Thread 0x000000000244d800 Implicit null exception at 0x000000000275d07b to 0x000000000275d38d
Event: 4.978 Thread 0x000000000244d800 Threw 0x00000000eb6f20e0 at C:\re\jdk7u79\2331\hotspot\src\share\vm\prims\jvm.cpp:1304

Events (10 events):
Event: 4.657 loading class 0x0000000002656a40
Event: 4.658 loading class 0x0000000002656a40 done
Event: 4.978 loading class 0x0000000009e628a0
Event: 4.978 loading class 0x0000000009e628a0 done
Event: 4.993 loading class 0x00000000084d7610
Event: 4.993 loading class 0x00000000084d7610 done
Event: 4.993 loading class 0x00000000084d75e0
Event: 4.993 loading class 0x00000000084d75e0 done
Event: 5.047 Executing VM operation: EnableBiasedLocking
Event: 5.050 Executing VM operation: EnableBiasedLocking done


Dynamic libraries:
0x00007ff6048d0000 - 0x00007ff604903000 	C:\Program Files\Java\jdk1.7.0_79\bin\java.exe
0x00007fff0c490000 - 0x00007fff0c63d000 	C:\Windows\SYSTEM32\ntdll.dll
0x00007fff0b5e0000 - 0x00007fff0b71e000 	C:\Windows\system32\KERNEL32.DLL
0x00007fff098f0000 - 0x00007fff09a05000 	C:\Windows\system32\KERNELBASE.dll
0x00007fff08180000 - 0x00007fff0820e000 	C:\Windows\system32\apphelp.dll
0x00007ffeebc00000 - 0x00007ffeebc53000 	C:\Windows\AppPatch\AppPatch64\AcGenral.DLL
0x00007fff0c3e0000 - 0x00007fff0c48a000 	C:\Windows\system32\msvcrt.dll
0x00007fff09410000 - 0x00007fff0943e000 	C:\Windows\SYSTEM32\SspiCli.dll
0x00007fff0baa0000 - 0x00007fff0baf4000 	C:\Windows\system32\SHLWAPI.dll
0x00007fff0bb00000 - 0x00007fff0bc77000 	C:\Windows\system32\USER32.dll
0x00007fff0b720000 - 0x00007fff0b8b4000 	C:\Windows\system32\ole32.dll
0x00007fff09b20000 - 0x00007fff0b04a000 	C:\Windows\system32\SHELL32.dll
0x00007fff08ba0000 - 0x00007fff08bc1000 	C:\Windows\SYSTEM32\USERENV.dll
0x00007fff0be40000 - 0x00007fff0beea000 	C:\Windows\system32\ADVAPI32.dll
0x00007ffefe230000 - 0x00007ffefe24e000 	C:\Windows\SYSTEM32\MPR.dll
0x00007fff0bc90000 - 0x00007fff0bdd1000 	C:\Windows\system32\RPCRT4.dll
0x00007fff0b320000 - 0x00007fff0b379000 	C:\Windows\SYSTEM32\sechost.dll
0x00007fff0b3a0000 - 0x00007fff0b5b1000 	C:\Windows\SYSTEM32\combase.dll
0x00007fff0c290000 - 0x00007fff0c3e0000 	C:\Windows\system32\GDI32.dll
0x00007fff095e0000 - 0x00007fff095f5000 	C:\Windows\SYSTEM32\profapi.dll
0x00007fff07b50000 - 0x00007fff07c02000 	C:\Windows\SYSTEM32\SHCORE.dll
0x00007fff0c0c0000 - 0x00007fff0c0f6000 	C:\Windows\system32\IMM32.DLL
0x00007fff0bef0000 - 0x00007fff0c042000 	C:\Windows\system32\MSCTF.dll
0x00007fff07230000 - 0x00007fff074ab000 	C:\Windows\WinSxS\amd64_microsoft.windows.common-controls_6595b64144ccf1df_6.0.9600.18006_none_623f33d3ecbe86e8\COMCTL32.dll
0x0000000071140000 - 0x0000000071212000 	C:\Program Files\Java\jdk1.7.0_79\jre\bin\msvcr100.dll
0x00000000715d0000 - 0x0000000071da5000 	C:\Program Files\Java\jdk1.7.0_79\jre\bin\server\jvm.dll
0x00007ffed3140000 - 0x00007ffed3149000 	C:\Windows\SYSTEM32\WSOCK32.dll
0x00007ffef47e0000 - 0x00007ffef4802000 	C:\Windows\SYSTEM32\WINMM.dll
0x00007fff09b10000 - 0x00007fff09b17000 	C:\Windows\system32\PSAPI.DLL
0x00007fff0bde0000 - 0x00007fff0be3a000 	C:\Windows\system32\WS2_32.dll
0x00007ffef47b0000 - 0x00007ffef47da000 	C:\Windows\SYSTEM32\WINMMBASE.dll
0x00007fff0bc80000 - 0x00007fff0bc89000 	C:\Windows\system32\NSI.dll
0x00007fff09a10000 - 0x00007fff09a5f000 	C:\Windows\SYSTEM32\cfgmgr32.dll
0x00007fff083d0000 - 0x00007fff083f8000 	C:\Windows\SYSTEM32\DEVOBJ.dll
0x00000000715c0000 - 0x00000000715cf000 	C:\Program Files\Java\jdk1.7.0_79\jre\bin\verify.dll
0x0000000071590000 - 0x00000000715b8000 	C:\Program Files\Java\jdk1.7.0_79\jre\bin\java.dll
0x0000000071570000 - 0x0000000071585000 	C:\Program Files\Java\jdk1.7.0_79\jre\bin\zip.dll
0x0000000071550000 - 0x000000007156a000 	C:\Program Files\Java\jdk1.7.0_79\jre\bin\net.dll
0x00007fff08ca0000 - 0x00007fff08cf9000 	C:\Windows\system32\mswsock.dll
0x0000000071530000 - 0x0000000071541000 	C:\Program Files\Java\jdk1.7.0_79\jre\bin\nio.dll

VM Arguments:
jvm_args: -Djava.awt.headless=true -Xmx1024M -Dfile.encoding=windows-1251 -Duser.country=RU -Duser.language=ru -Duser.variant 
java_command: com.android.dx.command.Main --dex --output C:\Users\Nurs\AndroidStudioProjects\PasswordBook\app\build\intermediates\pre-dexed\debug\okhttp-2.6.0_92a221afa2c9b157f654f19e16ac5b97d181b68c.jar C:\Users\Nurs\.gradle\caches\modules-2\files-2.1\com.squareup.okhttp\okhttp\2.6.0\212387a39088ecd3daff8e3bfc3bdc4123e33c67\okhttp-2.6.0.jar
Launcher Type: SUN_STANDARD

Environment Variables:
PATH=C:\Program Files (x86)\Common Files\Intel\Shared Files\cpp\bin\Intel64;C:\Program Files (x86)\Intel\iCLS Client\;C:\Program Files\Intel\iCLS Client\;C:\Windows\system32;C:\Windows;C:\Windows\System32\Wbem;C:\Windows\System32\WindowsPowerShell\v1.0\;C:\Program Files\Intel\Intel(R) Management Engine Components\DAL;C:\Program Files\Intel\Intel(R) Management Engine Components\IPT;C:\Program Files (x86)\Intel\Intel(R) Management Engine Components\DAL;C:\Program Files (x86)\Intel\Intel(R) Management Engine Components\IPT;C:\Program Files (x86)\Windows Kits\8.1\Windows Performance Toolkit\;C:\Program Files\Microsoft SQL Server\110\Tools\Binn\;C:\Program Files (x86)\Microsoft SDKs\TypeScript\1.0\;C:\Program Files\Microsoft SQL Server\120\Tools\Binn\;C:\Program Files\Microsoft\Web Platform Installer\;C:\Users\Nurs\.dnx\bin;C:\Program Files\Microsoft DNX\Dnvm\;C:\Program Files\Microsoft SQL Server\120\DTS\Binn\;C:\Program Files\Microsoft SQL Server\Client SDK\ODBC\110\Tools\Binn\;C:\Program Files (x86)\Microsoft SQL Server\120\Tools\Binn\;C:\Program Files (x86)\Microsoft SQL Server\120\Tools\Binn\ManagementStudio\;C:\Program Files (x86)\Microsoft SQL Server\120\DTS\Binn\;C:\Program Files\TortoiseGit\bin;C:\Program Files (x86)\Skype\Phone\;;C:\Program Files (x86)\Simlock Remote Client;C:\Program Files\wget
USERNAME=Nurs
OS=Windows_NT
PROCESSOR_IDENTIFIER=Intel64 Family 6 Model 58 Stepping 9, GenuineIntel



---------------  S Y S T E M  ---------------

OS: Windows 8.1 , 64 bit Build 9600 

CPU:total 4 (2 cores per cpu, 2 threads per core) family 6 model 58 stepping 9, cmov, cx8, fxsr, mmx, sse, sse2, sse3, ssse3, sse4.1, sse4.2, popcnt, avx, aes, erms, ht, tsc, tscinvbit, tscinv

Memory: 4k page, physical 8244012k(1042892k free), swap 11389740k(5436k free)

vm_info: Java HotSpot(TM) 64-Bit Server VM (24.79-b02) for windows-amd64 JRE (1.7.0_79-b15), built on Apr 10 2015 12:36:16 by "java_re" with unknown MS VC++:1600

time: Fri Apr 29 22:17:08 2016
elapsed time: 5 seconds

