#
# There is insufficient memory for the Java Runtime Environment to continue.
# Native memory allocation (malloc) failed to allocate 449776 bytes for Chunk::new
# Possible reasons:
#   The system is out of physical RAM or swap space
#   In 32 bit mode, the process size limit was hit
# Possible solutions:
#   Reduce memory load on the system
#   Increase physical memory or swap space
#   Check if swap backing store is full
#   Use 64 bit Java on a 64 bit OS
#   Decrease Java heap size (-Xmx/-Xms)
#   Decrease number of Java threads
#   Decrease Java thread stack sizes (-Xss)
#   Set larger code cache with -XX:ReservedCodeCacheSize=
# This output file may be truncated or incomplete.
#
#  Out of Memory Error (allocation.cpp:323), pid=6976, tid=13972
#
# JRE version: Java(TM) SE Runtime Environment (7.0_79-b15) (build 1.7.0_79-b15)
# Java VM: Java HotSpot(TM) 64-Bit Server VM (24.79-b02 mixed mode windows-amd64 compressed oops)
# Failed to write core dump. Minidumps are not enabled by default on client versions of Windows
#

---------------  T H R E A D  ---------------

Current thread (0x0000000008a16000):  JavaThread "C2 CompilerThread0" daemon [_thread_in_native, id=13972, stack(0x0000000009f90000,0x000000000a090000)]

Stack: [0x0000000009f90000,0x000000000a090000]
[error occurred during error reporting (printing stack bounds), id 0xc0000005]


[error occurred during error reporting (printing native stack), id 0xc0000005]


Current CompileTask:
C2:   3766  166             com.android.dx.ssa.Dominators::run (506 bytes)


---------------  P R O C E S S  ---------------

Java Threads: ( => current thread )
  0x0000000008a26000 JavaThread "Service Thread" daemon [_thread_blocked, id=7632, stack(0x000000000a190000,0x000000000a290000)]
  0x0000000008a20000 JavaThread "C2 CompilerThread1" daemon [_thread_blocked, id=5844, stack(0x000000000a090000,0x000000000a190000)]
=>0x0000000008a16000 JavaThread "C2 CompilerThread0" daemon [_thread_in_native, id=13972, stack(0x0000000009f90000,0x000000000a090000)]
  0x0000000008a15000 JavaThread "Attach Listener" daemon [_thread_blocked, id=12848, stack(0x0000000009e90000,0x0000000009f90000)]
  0x0000000008a11800 JavaThread "Signal Dispatcher" daemon [_thread_blocked, id=12404, stack(0x0000000009d90000,0x0000000009e90000)]
  0x00000000089df800 JavaThread "Finalizer" daemon [_thread_blocked, id=2004, stack(0x0000000009c90000,0x0000000009d90000)]
  0x00000000089d6800 JavaThread "Reference Handler" daemon [_thread_blocked, id=9480, stack(0x0000000009b90000,0x0000000009c90000)]
  0x0000000002a7e000 JavaThread "main" [_thread_in_Java, id=440, stack(0x0000000002900000,0x0000000002a00000)]

Other Threads:
  0x00000000089d2800 VMThread [stack: 0x0000000009a90000,0x0000000009b90000] [id=12172]
  0x0000000008a34800 WatcherThread [stack: 0x000000000a290000,0x000000000a390000] [id=9072]

VM state:not at safepoint (normal execution)

VM Mutex/Monitor currently owned by a thread: None

Heap
 PSYoungGen      total 37888K, used 21938K [0x00000000eaa80000, 0x00000000ed480000, 0x0000000100000000)
  eden space 32768K, 66% used [0x00000000eaa80000,0x00000000ebfec950,0x00000000eca80000)
  from space 5120K, 0% used [0x00000000ecf80000,0x00000000ecf80000,0x00000000ed480000)
  to   space 5120K, 0% used [0x00000000eca80000,0x00000000eca80000,0x00000000ecf80000)
 ParOldGen       total 85504K, used 0K [0x00000000c0000000, 0x00000000c5380000, 0x00000000eaa80000)
  object space 85504K, 0% used [0x00000000c0000000,0x00000000c0000000,0x00000000c5380000)
 PSPermGen       total 21504K, used 5469K [0x00000000bae00000, 0x00000000bc300000, 0x00000000c0000000)
  object space 21504K, 25% used [0x00000000bae00000,0x00000000bb357600,0x00000000bc300000)

Card table byte_map: [0x0000000005c40000,0x0000000005e70000] byte_map_base: 0x0000000005669000

Polling page: 0x0000000000ff0000

Code Cache  [0x0000000002b80000, 0x0000000002df0000, 0x0000000005b80000)
 total_blobs=399 nmethods=165 adapters=186 free_code_cache=48443Kb largest_free_block=49556864

Compilation events (10 events):
Event: 3.592 Thread 0x0000000008a20000  162             com.android.dx.rop.code.BasicBlock::getPrimarySuccessor (5 bytes)
Event: 3.593 Thread 0x0000000008a20000 nmethod 162 0x0000000002c21bd0 code [0x0000000002c21d00, 0x0000000002c21d58]
Event: 3.593 Thread 0x0000000008a20000  163             com.android.dx.util.FixedSizeList::getOrNull0 (7 bytes)
Event: 3.593 Thread 0x0000000008a20000 nmethod 163 0x0000000002c21950 code [0x0000000002c21a80, 0x0000000002c21b18]
Event: 3.599 Thread 0x0000000008a20000  164             com.android.dx.ssa.LocalVariableExtractor::processBlock (383 bytes)
Event: 3.657 Thread 0x0000000008a20000 nmethod 164 0x0000000002c30f10 code [0x0000000002c311e0, 0x0000000002c32608]
Event: 3.672 Thread 0x0000000008a16000 nmethod 161 0x0000000002c37e10 code [0x0000000002c381a0, 0x0000000002c39c20]
Event: 3.694 Thread 0x0000000008a20000  165             com.android.dx.dex.code.DalvInsn::<init> (67 bytes)
Event: 3.695 Thread 0x0000000008a20000 nmethod 165 0x0000000002c1fe90 code [0x0000000002c1ffc0, 0x0000000002c20098]
Event: 3.733 Thread 0x0000000008a16000  166             com.android.dx.ssa.Dominators::run (506 bytes)

GC Heap History (0 events):
No events

Deoptimization events (8 events):
Event: 1.720 Thread 0x0000000002a7e000 Uncommon trap: reason=bimorphic action=maybe_recompile pc=0x0000000002bf40cc method=java.util.HashMap.getEntry(Ljava/lang/Object;)Ljava/util/HashMap$Entry; @ 68
Event: 2.356 Thread 0x0000000002a7e000 Uncommon trap: reason=null_check action=make_not_entrant pc=0x0000000002bfdbac method=com.android.dx.rop.code.LocalItem.equals(Ljava/lang/Object;)Z @ 1
Event: 2.579 Thread 0x0000000002a7e000 Uncommon trap: reason=bimorphic action=maybe_recompile pc=0x0000000002c08e68 method=com.android.dx.ssa.NormalSsaInsn.accept(Lcom/android/dx/ssa/SsaInsn$Visitor;)V @ 9
Event: 2.579 Thread 0x0000000002a7e000 Uncommon trap: reason=bimorphic action=maybe_recompile pc=0x0000000002bf628c method=com.android.dx.ssa.NormalSsaInsn.accept(Lcom/android/dx/ssa/SsaInsn$Visitor;)V @ 9
Event: 2.579 Thread 0x0000000002a7e000 Uncommon trap: reason=bimorphic action=maybe_recompile pc=0x0000000002c08e68 method=com.android.dx.ssa.NormalSsaInsn.accept(Lcom/android/dx/ssa/SsaInsn$Visitor;)V @ 9
Event: 2.579 Thread 0x0000000002a7e000 Uncommon trap: reason=bimorphic action=maybe_recompile pc=0x0000000002bf628c method=com.android.dx.ssa.NormalSsaInsn.accept(Lcom/android/dx/ssa/SsaInsn$Visitor;)V @ 9
Event: 2.590 Thread 0x0000000002a7e000 Uncommon trap: reason=bimorphic action=maybe_recompile pc=0x0000000002c08e68 method=com.android.dx.ssa.NormalSsaInsn.accept(Lcom/android/dx/ssa/SsaInsn$Visitor;)V @ 9
Event: 3.696 Thread 0x0000000002a7e000 Uncommon trap: reason=null_check action=make_not_entrant pc=0x0000000002c32348 method=com.android.dx.rop.code.RegisterSpec.equals(Ljava/lang/Object;)Z @ 1

Internal exceptions (10 events):
Event: 2.471 Thread 0x0000000002a7e000 Threw 0x00000000eb852a48 at C:\re\jdk7u79\2331\hotspot\src\share\vm\prims\jvm.cpp:1304
Event: 2.472 Thread 0x0000000002a7e000 Threw 0x00000000eb857ff8 at C:\re\jdk7u79\2331\hotspot\src\share\vm\prims\jvm.cpp:1304
Event: 2.474 Thread 0x0000000002a7e000 Threw 0x00000000eb85cd78 at C:\re\jdk7u79\2331\hotspot\src\share\vm\prims\jvm.cpp:1304
Event: 2.540 Thread 0x0000000002a7e000 Threw 0x00000000eb930fc0 at C:\re\jdk7u79\2331\hotspot\src\share\vm\prims\jvm.cpp:1304
Event: 2.638 Thread 0x0000000002a7e000 Threw 0x00000000eba15d68 at C:\re\jdk7u79\2331\hotspot\src\share\vm\prims\jvm.cpp:1304
Event: 2.679 Thread 0x0000000002a7e000 Threw 0x00000000eba22420 at C:\re\jdk7u79\2331\hotspot\src\share\vm\prims\jvm.cpp:1304
Event: 2.782 Thread 0x0000000002a7e000 Threw 0x00000000ebb2fe60 at C:\re\jdk7u79\2331\hotspot\src\share\vm\prims\jvm.cpp:1304
Event: 3.255 Thread 0x0000000002a7e000 Threw 0x00000000ebd623a8 at C:\re\jdk7u79\2331\hotspot\src\share\vm\prims\jvm.cpp:1304
Event: 3.696 Thread 0x0000000002a7e000 Implicit null exception at 0x0000000002c31486 to 0x0000000002c3231d
Event: 3.737 Thread 0x0000000002a7e000 Threw 0x00000000ebf99b90 at C:\re\jdk7u79\2331\hotspot\src\share\vm\prims\jvm.cpp:1304

Events (10 events):
Event: 2.679 loading class 0x000000000a55b190 done
Event: 2.781 loading class 0x000000000a3d2620
Event: 2.781 loading class 0x000000000a3d2620 done
Event: 3.255 loading class 0x000000000a550110
Event: 3.255 loading class 0x000000000a550110 done
Event: 3.696 Thread 0x0000000002a7e000 Uncommon trap: trap_request=0xfffffff4 fr.pc=0x0000000002c32348
Event: 3.696 Thread 0x0000000002a7e000 DEOPT PACKING pc=0x0000000002c32348 sp=0x00000000029fe8c0
Event: 3.697 Thread 0x0000000002a7e000 DEOPT UNPACKING pc=0x0000000002bb75a4 sp=0x00000000029fe7e8 mode 2
Event: 3.737 loading class 0x00000000089efe20
Event: 3.737 loading class 0x00000000089efe20 done


Dynamic libraries:
0x00007ff6bd1a0000 - 0x00007ff6bd1d3000 	C:\Program Files\Java\jdk1.7.0_79\bin\java.exe
0x00007ff8a9060000 - 0x00007ff8a920c000 	C:\Windows\SYSTEM32\ntdll.dll
0x00007ff8a8f20000 - 0x00007ff8a905e000 	C:\Windows\system32\KERNEL32.DLL
0x00007ff8a65c0000 - 0x00007ff8a66d5000 	C:\Windows\system32\KERNELBASE.dll
0x00007ff8a4d50000 - 0x00007ff8a4dde000 	C:\Windows\system32\apphelp.dll
0x00007ff866c70000 - 0x00007ff866cc3000 	C:\Windows\AppPatch\AppPatch64\AcGenral.DLL
0x00007ff8a6850000 - 0x00007ff8a68fa000 	C:\Windows\system32\msvcrt.dll
0x00007ff8a6170000 - 0x00007ff8a619e000 	C:\Windows\SYSTEM32\SspiCli.dll
0x00007ff8a7530000 - 0x00007ff8a7584000 	C:\Windows\system32\SHLWAPI.dll
0x00007ff8a7790000 - 0x00007ff8a7907000 	C:\Windows\system32\USER32.dll
0x00007ff8a6900000 - 0x00007ff8a6a94000 	C:\Windows\system32\ole32.dll
0x00007ff8a7910000 - 0x00007ff8a8e3b000 	C:\Windows\system32\SHELL32.dll
0x00007ff8a5960000 - 0x00007ff8a5981000 	C:\Windows\SYSTEM32\USERENV.dll
0x00007ff8a7590000 - 0x00007ff8a763a000 	C:\Windows\system32\ADVAPI32.dll
0x00007ff898210000 - 0x00007ff89822e000 	C:\Windows\SYSTEM32\MPR.dll
0x00007ff8a7640000 - 0x00007ff8a7781000 	C:\Windows\system32\RPCRT4.dll
0x00007ff8a7020000 - 0x00007ff8a7079000 	C:\Windows\SYSTEM32\sechost.dll
0x00007ff8a7310000 - 0x00007ff8a7521000 	C:\Windows\SYSTEM32\combase.dll
0x00007ff8a70f0000 - 0x00007ff8a723f000 	C:\Windows\system32\GDI32.dll
0x00007ff8a61b0000 - 0x00007ff8a61c5000 	C:\Windows\SYSTEM32\profapi.dll
0x00007ff8a4720000 - 0x00007ff8a47d2000 	C:\Windows\SYSTEM32\SHCORE.dll
0x00007ff8a67b0000 - 0x00007ff8a67e6000 	C:\Windows\system32\IMM32.DLL
0x00007ff8a6aa0000 - 0x00007ff8a6bf2000 	C:\Windows\system32\MSCTF.dll
0x00007ff8a3e10000 - 0x00007ff8a408b000 	C:\Windows\WinSxS\amd64_microsoft.windows.common-controls_6595b64144ccf1df_6.0.9600.18006_none_623f33d3ecbe86e8\COMCTL32.dll
0x0000000071bd0000 - 0x0000000071ca2000 	C:\Program Files\Java\jdk1.7.0_79\jre\bin\msvcr100.dll
0x0000000072060000 - 0x0000000072835000 	C:\Program Files\Java\jdk1.7.0_79\jre\bin\server\jvm.dll
0x00007ff89eaa0000 - 0x00007ff89eaa9000 	C:\Windows\SYSTEM32\WSOCK32.dll
0x00007ff89eae0000 - 0x00007ff89eb02000 	C:\Windows\SYSTEM32\WINMM.dll
0x00007ff8a66e0000 - 0x00007ff8a66e7000 	C:\Windows\system32\PSAPI.DLL
0x00007ff8a67f0000 - 0x00007ff8a684a000 	C:\Windows\system32\WS2_32.dll
0x00007ff89eab0000 - 0x00007ff89eada000 	C:\Windows\SYSTEM32\WINMMBASE.dll
0x00007ff8a70e0000 - 0x00007ff8a70e9000 	C:\Windows\system32\NSI.dll
0x00007ff8a6280000 - 0x00007ff8a62cf000 	C:\Windows\SYSTEM32\cfgmgr32.dll
0x00007ff8a4fa0000 - 0x00007ff8a4fc8000 	C:\Windows\SYSTEM32\DEVOBJ.dll
0x0000000072050000 - 0x000000007205f000 	C:\Program Files\Java\jdk1.7.0_79\jre\bin\verify.dll
0x0000000072020000 - 0x0000000072048000 	C:\Program Files\Java\jdk1.7.0_79\jre\bin\java.dll
0x0000000072000000 - 0x0000000072015000 	C:\Program Files\Java\jdk1.7.0_79\jre\bin\zip.dll
0x0000000071fe0000 - 0x0000000071ffa000 	C:\Program Files\Java\jdk1.7.0_79\jre\bin\net.dll
0x00007ff8a58b0000 - 0x00007ff8a5909000 	C:\Windows\system32\mswsock.dll
0x0000000071fc0000 - 0x0000000071fd1000 	C:\Program Files\Java\jdk1.7.0_79\jre\bin\nio.dll

VM Arguments:
jvm_args: -Djava.awt.headless=true -Xmx1024M -Dfile.encoding=windows-1251 -Duser.country=RU -Duser.language=ru -Duser.variant 
java_command: com.android.dx.command.Main --dex --output C:\Users\Nurs\AndroidStudioProjects\PasswordBook\app\build\intermediates\pre-dexed\debug\internal_impl-23.1.1_0e54c0bdaf3530d010357adf342d88d83595ee51.jar C:\Users\Nurs\AndroidStudioProjects\PasswordBook\app\build\intermediates\exploded-aar\com.android.support\support-v4\23.1.1\jars\libs\internal_impl-23.1.1.jar
Launcher Type: SUN_STANDARD

Environment Variables:
PATH=C:\Program Files (x86)\Intel\iCLS Client\;C:\Program Files\Intel\iCLS Client\;C:\Windows\system32;C:\Windows;C:\Windows\System32\Wbem;C:\Windows\System32\WindowsPowerShell\v1.0\;C:\Program Files\Intel\Intel(R) Management Engine Components\DAL;C:\Program Files\Intel\Intel(R) Management Engine Components\IPT;C:\Program Files (x86)\Intel\Intel(R) Management Engine Components\DAL;C:\Program Files (x86)\Intel\Intel(R) Management Engine Components\IPT;C:\Program Files (x86)\Windows Kits\8.1\Windows Performance Toolkit\;C:\Program Files\Microsoft SQL Server\110\Tools\Binn\;C:\Program Files (x86)\Microsoft SDKs\TypeScript\1.0\;C:\Program Files\Microsoft SQL Server\120\Tools\Binn\;C:\Program Files\Microsoft SQL Server\110\DTS\Binn\;C:\Program Files (x86)\Microsoft SQL Server\110\Tools\Binn\;C:\Program Files (x86)\Microsoft SQL Server\110\Tools\Binn\ManagementStudio\;C:\Program Files (x86)\Microsoft Visual Studio 10.0\Common7\IDE\PrivateAssemblies\;C:\Program Files (x86)\Microsoft SQL Server\110\DTS\Binn\;C:\Program Files\Microsoft\Web Platform Installer\;C:\Windows\system32\config\systemprofile\.dnx\bin;C:\Program Files\Microsoft DNX\Dnvm\;C:\Program Files\Microsoft SQL Server\120\DTS\Binn\;C:\Program Files\Microsoft SQL Server\Client SDK\ODBC\110\Tools\Binn\;C:\Program Files (x86)\Microsoft SQL Server\120\Tools\Binn\;C:\Program Files (x86)\Microsoft SQL Server\120\Tools\Binn\ManagementStudio\;C:\Program Files (x86)\Microsoft SQL Server\120\DTS\Binn\;C:\Program Files\TortoiseGit\bin;C:\Program Files (x86)\Skype\Phone\;;C:\Program Files (x86)\Simlock Remote Client
USERNAME=Nurs
OS=Windows_NT
PROCESSOR_IDENTIFIER=Intel64 Family 6 Model 58 Stepping 9, GenuineIntel



---------------  S Y S T E M  ---------------

OS: Windows 8.1 , 64 bit Build 9600 

CPU:total 4 (2 cores per cpu, 2 threads per core) family 6 model 58 stepping 9, cmov, cx8, fxsr, mmx, sse, sse2, sse3, ssse3, sse4.1, sse4.2, popcnt, avx, aes, erms, ht, tsc, tscinvbit, tscinv

Memory: 4k page, physical 8244012k(1198172k free), swap 11239980k(5104k free)

vm_info: Java HotSpot(TM) 64-Bit Server VM (24.79-b02) for windows-amd64 JRE (1.7.0_79-b15), built on Apr 10 2015 12:36:16 by "java_re" with unknown MS VC++:1600

time: Fri Jan 08 20:37:51 2016
elapsed time: 3 seconds

