#
# There is insufficient memory for the Java Runtime Environment to continue.
# Native memory allocation (malloc) failed to allocate 562512 bytes for Chunk::new
# Possible reasons:
#   The system is out of physical RAM or swap space
#   In 32 bit mode, the process size limit was hit
# Possible solutions:
#   Reduce memory load on the system
#   Increase physical memory or swap space
#   Check if swap backing store is full
#   Use 64 bit Java on a 64 bit OS
#   Decrease Java heap size (-Xmx/-Xms)
#   Decrease number of Java threads
#   Decrease Java thread stack sizes (-Xss)
#   Set larger code cache with -XX:ReservedCodeCacheSize=
# This output file may be truncated or incomplete.
#
#  Out of Memory Error (allocation.cpp:323), pid=6428, tid=2452
#
# JRE version: Java(TM) SE Runtime Environment (7.0_79-b15) (build 1.7.0_79-b15)
# Java VM: Java HotSpot(TM) 64-Bit Server VM (24.79-b02 mixed mode windows-amd64 compressed oops)
# Failed to write core dump. Minidumps are not enabled by default on client versions of Windows
#

---------------  T H R E A D  ---------------

Current thread (0x0000000008856000):  JavaThread "C2 CompilerThread0" daemon [_thread_in_native, id=2452, stack(0x0000000009dc0000,0x0000000009ec0000)]

Stack: [0x0000000009dc0000,0x0000000009ec0000]
[error occurred during error reporting (printing stack bounds), id 0xc0000005]


Current CompileTask:
C2:  11011  519   !         com.android.dx.cf.code.BytecodeArray::parseInstruction (2764 bytes)


---------------  P R O C E S S  ---------------

Java Threads: ( => current thread )
  0x0000000008866000 JavaThread "Service Thread" daemon [_thread_blocked, id=7028, stack(0x0000000009fc0000,0x000000000a0c0000)]
  0x0000000008860000 JavaThread "C2 CompilerThread1" daemon [_thread_in_native, id=6788, stack(0x0000000009ec0000,0x0000000009fc0000)]
=>0x0000000008856000 JavaThread "C2 CompilerThread0" daemon [_thread_in_native, id=2452, stack(0x0000000009dc0000,0x0000000009ec0000)]
  0x0000000008855000 JavaThread "Attach Listener" daemon [_thread_blocked, id=4936, stack(0x0000000009cc0000,0x0000000009dc0000)]
  0x0000000008852000 JavaThread "Signal Dispatcher" daemon [_thread_blocked, id=9140, stack(0x0000000009bc0000,0x0000000009cc0000)]
  0x000000000881f800 JavaThread "Finalizer" daemon [_thread_blocked, id=9120, stack(0x0000000009ac0000,0x0000000009bc0000)]
  0x0000000008816000 JavaThread "Reference Handler" daemon [_thread_blocked, id=8792, stack(0x00000000099c0000,0x0000000009ac0000)]
  0x000000000297d800 JavaThread "main" [_thread_in_Java, id=8264, stack(0x0000000002820000,0x0000000002920000)]

Other Threads:
  0x0000000008811800 VMThread [stack: 0x00000000098c0000,0x00000000099c0000] [id=5696]
  0x0000000008874800 WatcherThread [stack: 0x000000000a0c0000,0x000000000a1c0000] [id=8240]

VM state:not at safepoint (normal execution)

VM Mutex/Monitor currently owned by a thread: None

Heap
 PSYoungGen      total 70656K, used 19376K [0x00000000eaa80000, 0x00000000ef480000, 0x0000000100000000)
  eden space 65536K, 21% used [0x00000000eaa80000,0x00000000eb86ff28,0x00000000eea80000)
  from space 5120K, 99% used [0x00000000eea80000,0x00000000eef7c388,0x00000000eef80000)
  to   space 5120K, 0% used [0x00000000eef80000,0x00000000eef80000,0x00000000ef480000)
 ParOldGen       total 85504K, used 17221K [0x00000000c0000000, 0x00000000c5380000, 0x00000000eaa80000)
  object space 85504K, 20% used [0x00000000c0000000,0x00000000c10d1508,0x00000000c5380000)
 PSPermGen       total 21504K, used 5698K [0x00000000bae00000, 0x00000000bc300000, 0x00000000c0000000)
  object space 21504K, 26% used [0x00000000bae00000,0x00000000bb390a40,0x00000000bc300000)

Card table byte_map: [0x0000000005a80000,0x0000000005cb0000] byte_map_base: 0x00000000054a9000

Polling page: 0x0000000002720000

Code Cache  [0x0000000002a80000, 0x0000000002cf0000, 0x0000000005a80000)
 total_blobs=744 nmethods=510 adapters=186 free_code_cache=47174Kb largest_free_block=48191104

Compilation events (10 events):
Event: 10.867 Thread 0x0000000008856000  516             com.android.dx.ssa.back.FirstFitLocalCombiningAllocator::handleLocalAssociatedOther (151 bytes)
Event: 10.870 Thread 0x0000000008860000  517             com.android.dx.rop.cst.CstString::hashCode (8 bytes)
Event: 10.874 Thread 0x0000000008860000 nmethod 517 0x0000000002b333d0 code [0x0000000002b33500, 0x0000000002b33678]
Event: 10.904 Thread 0x0000000008856000 nmethod 516 0x0000000002b3a550 code [0x0000000002b3a740, 0x0000000002b3b308]
Event: 10.924 Thread 0x0000000008860000  518             com.android.dx.rop.code.PlainCstInsn::<init> (30 bytes)
Event: 10.926 Thread 0x0000000008860000 nmethod 518 0x0000000002b32e90 code [0x0000000002b32fe0, 0x0000000002b33138]
Event: 10.934 Thread 0x0000000008856000  519   !         com.android.dx.cf.code.BytecodeArray::parseInstruction (2764 bytes)
Event: 10.936 Thread 0x0000000008860000  520             java.util.HashSet::<init> (16 bytes)
Event: 10.938 Thread 0x0000000008860000 nmethod 520 0x0000000002b38a50 code [0x0000000002b38ba0, 0x0000000002b38cb8]
Event: 11.006 Thread 0x0000000008860000  521             com.android.dx.util.LabeledList::getMaxLabel (47 bytes)

GC Heap History (6 events):
Event: 5.145 GC heap before
{Heap before GC invocations=1 (full 0):
 PSYoungGen      total 37888K, used 32768K [0x00000000eaa80000, 0x00000000ed480000, 0x0000000100000000)
  eden space 32768K, 100% used [0x00000000eaa80000,0x00000000eca80000,0x00000000eca80000)
  from space 5120K, 0% used [0x00000000ecf80000,0x00000000ecf80000,0x00000000ed480000)
  to   space 5120K, 0% used [0x00000000eca80000,0x00000000eca80000,0x00000000ecf80000)
 ParOldGen       total 85504K, used 0K [0x00000000c0000000, 0x00000000c5380000, 0x00000000eaa80000)
  object space 85504K, 0% used [0x00000000c0000000,0x00000000c0000000,0x00000000c5380000)
 PSPermGen       total 21504K, used 5522K [0x00000000bae00000, 0x00000000bc300000, 0x00000000c0000000)
  object space 21504K, 25% used [0x00000000bae00000,0x00000000bb364a98,0x00000000bc300000)
Event: 5.245 GC heap after
Heap after GC invocations=1 (full 0):
 PSYoungGen      total 37888K, used 5111K [0x00000000eaa80000, 0x00000000ef480000, 0x0000000100000000)
  eden space 32768K, 0% used [0x00000000eaa80000,0x00000000eaa80000,0x00000000eca80000)
  from space 5120K, 99% used [0x00000000eca80000,0x00000000ecf7dfa0,0x00000000ecf80000)
  to   space 5120K, 0% used [0x00000000eef80000,0x00000000eef80000,0x00000000ef480000)
 ParOldGen       total 85504K, used 1348K [0x00000000c0000000, 0x00000000c5380000, 0x00000000eaa80000)
  object space 85504K, 1% used [0x00000000c0000000,0x00000000c0151320,0x00000000c5380000)
 PSPermGen       total 21504K, used 5522K [0x00000000bae00000, 0x00000000bc300000, 0x00000000c0000000)
  object space 21504K, 25% used [0x00000000bae00000,0x00000000bb364a98,0x00000000bc300000)
}
Event: 7.508 GC heap before
{Heap before GC invocations=2 (full 0):
 PSYoungGen      total 37888K, used 37879K [0x00000000eaa80000, 0x00000000ef480000, 0x0000000100000000)
  eden space 32768K, 100% used [0x00000000eaa80000,0x00000000eca80000,0x00000000eca80000)
  from space 5120K, 99% used [0x00000000eca80000,0x00000000ecf7dfa0,0x00000000ecf80000)
  to   space 5120K, 0% used [0x00000000eef80000,0x00000000eef80000,0x00000000ef480000)
 ParOldGen       total 85504K, used 1348K [0x00000000c0000000, 0x00000000c5380000, 0x00000000eaa80000)
  object space 85504K, 1% used [0x00000000c0000000,0x00000000c0151320,0x00000000c5380000)
 PSPermGen       total 21504K, used 5632K [0x00000000bae00000, 0x00000000bc300000, 0x00000000c0000000)
  object space 21504K, 26% used [0x00000000bae00000,0x00000000bb3802d0,0x00000000bc300000)
Event: 7.650 GC heap after
Heap after GC invocations=2 (full 0):
 PSYoungGen      total 70656K, used 5089K [0x00000000eaa80000, 0x00000000ef480000, 0x0000000100000000)
  eden space 65536K, 0% used [0x00000000eaa80000,0x00000000eaa80000,0x00000000eea80000)
  from space 5120K, 99% used [0x00000000eef80000,0x00000000ef478740,0x00000000ef480000)
  to   space 5120K, 0% used [0x00000000eea80000,0x00000000eea80000,0x00000000eef80000)
 ParOldGen       total 85504K, used 6580K [0x00000000c0000000, 0x00000000c5380000, 0x00000000eaa80000)
  object space 85504K, 7% used [0x00000000c0000000,0x00000000c066d360,0x00000000c5380000)
 PSPermGen       total 21504K, used 5632K [0x00000000bae00000, 0x00000000bc300000, 0x00000000c0000000)
  object space 21504K, 26% used [0x00000000bae00000,0x00000000bb3802d0,0x00000000bc300000)
}
Event: 10.074 GC heap before
{Heap before GC invocations=3 (full 0):
 PSYoungGen      total 70656K, used 70625K [0x00000000eaa80000, 0x00000000ef480000, 0x0000000100000000)
  eden space 65536K, 100% used [0x00000000eaa80000,0x00000000eea80000,0x00000000eea80000)
  from space 5120K, 99% used [0x00000000eef80000,0x00000000ef478740,0x00000000ef480000)
  to   space 5120K, 0% used [0x00000000eea80000,0x00000000eea80000,0x00000000eef80000)
 ParOldGen       total 85504K, used 6580K [0x00000000c0000000, 0x00000000c5380000, 0x00000000eaa80000)
  object space 85504K, 7% used [0x00000000c0000000,0x00000000c066d360,0x00000000c5380000)
 PSPermGen       total 21504K, used 5692K [0x00000000bae00000, 0x00000000bc300000, 0x00000000c0000000)
  object space 21504K, 26% used [0x00000000bae00000,0x00000000bb38f210,0x00000000bc300000)
Event: 10.361 GC heap after
Heap after GC invocations=3 (full 0):
 PSYoungGen      total 70656K, used 5104K [0x00000000eaa80000, 0x00000000ef480000, 0x0000000100000000)
  eden space 65536K, 0% used [0x00000000eaa80000,0x00000000eaa80000,0x00000000eea80000)
  from space 5120K, 99% used [0x00000000eea80000,0x00000000eef7c388,0x00000000eef80000)
  to   space 5120K, 0% used [0x00000000eef80000,0x00000000eef80000,0x00000000ef480000)
 ParOldGen       total 85504K, used 17221K [0x00000000c0000000, 0x00000000c5380000, 0x00000000eaa80000)
  object space 85504K, 20% used [0x00000000c0000000,0x00000000c10d1508,0x00000000c5380000)
 PSPermGen       total 21504K, used 5692K [0x00000000bae00000, 0x00000000bc300000, 0x00000000c0000000)
  object space 21504K, 26% used [0x00000000bae00000,0x00000000bb38f210,0x00000000bc300000)
}

Deoptimization events (10 events):
Event: 9.972 Thread 0x000000000297d800 Uncommon trap: reason=unreached action=reinterpret pc=0x0000000002c84c18 method=com.android.dx.cf.code.Merger.mergeType(Lcom/android/dx/rop/type/TypeBearer;Lcom/android/dx/rop/type/TypeBearer;)Lcom/android/dx/rop/type/TypeBearer; @ 15
Event: 9.972 Thread 0x000000000297d800 Uncommon trap: reason=unreached action=reinterpret pc=0x0000000002c82ed0 method=com.android.dx.cf.code.Merger.mergeType(Lcom/android/dx/rop/type/TypeBearer;Lcom/android/dx/rop/type/TypeBearer;)Lcom/android/dx/rop/type/TypeBearer; @ 15
Event: 9.983 Thread 0x000000000297d800 Uncommon trap: reason=bimorphic action=maybe_recompile pc=0x0000000002c15ef8 method=com.android.dx.cf.code.RopperMachine.run(Lcom/android/dx/cf/code/Frame;II)V @ 310
Event: 9.984 Thread 0x000000000297d800 Uncommon trap: reason=bimorphic action=maybe_recompile pc=0x0000000002bc6e48 method=com.android.dx.ssa.LiteralOpUpgrader.tryReplacingWithConstant(Lcom/android/dx/ssa/NormalSsaInsn;)Z @ 62
Event: 9.984 Thread 0x000000000297d800 Uncommon trap: reason=class_check action=maybe_recompile pc=0x0000000002c053d4 method=com.android.dx.ssa.ConstCollector.getConstsSortedByCountUse()Ljava/util/ArrayList; @ 168
Event: 10.380 Thread 0x000000000297d800 Uncommon trap: reason=bimorphic action=maybe_recompile pc=0x0000000002bc6e48 method=com.android.dx.ssa.LiteralOpUpgrader.tryReplacingWithConstant(Lcom/android/dx/ssa/NormalSsaInsn;)Z @ 62
Event: 10.380 Thread 0x000000000297d800 Uncommon trap: reason=class_check action=maybe_recompile pc=0x0000000002c053d4 method=com.android.dx.ssa.ConstCollector.getConstsSortedByCountUse()Ljava/util/ArrayList; @ 168
Event: 10.460 Thread 0x000000000297d800 Uncommon trap: reason=bimorphic action=maybe_recompile pc=0x0000000002c4516c method=com.android.dx.cf.code.BytecodeArray.parseInstruction(ILcom/android/dx/cf/code/BytecodeArray$Visitor;)I @ 1161
Event: 10.460 Thread 0x000000000297d800 Uncommon trap: reason=bimorphic action=maybe_recompile pc=0x0000000002c4516c method=com.android.dx.cf.code.BytecodeArray.parseInstruction(ILcom/android/dx/cf/code/BytecodeArray$Visitor;)I @ 1161
Event: 10.612 Thread 0x000000000297d800 Uncommon trap: reason=class_check action=maybe_recompile pc=0x0000000002bde2fc method=com.android.dx.ssa.PhiTypeResolver.run()V @ 132

Internal exceptions (10 events):
Event: 5.344 Thread 0x000000000297d800 Threw 0x00000000ead0ad78 at C:\re\jdk7u79\2331\hotspot\src\share\vm\prims\jvm.cpp:1304
Event: 5.354 Thread 0x000000000297d800 Threw 0x00000000ead39580 at C:\re\jdk7u79\2331\hotspot\src\share\vm\prims\jvm.cpp:1304
Event: 5.356 Thread 0x000000000297d800 Threw 0x00000000ead3eda8 at C:\re\jdk7u79\2331\hotspot\src\share\vm\prims\jvm.cpp:1304
Event: 5.358 Thread 0x000000000297d800 Threw 0x00000000ead44358 at C:\re\jdk7u79\2331\hotspot\src\share\vm\prims\jvm.cpp:1304
Event: 5.435 Thread 0x000000000297d800 Threw 0x00000000eae8f130 at C:\re\jdk7u79\2331\hotspot\src\share\vm\prims\jvm.cpp:1304
Event: 6.318 Thread 0x000000000297d800 Threw 0x00000000ebb5c580 at C:\re\jdk7u79\2331\hotspot\src\share\vm\prims\jvm.cpp:1304
Event: 8.283 Thread 0x000000000297d800 Threw 0x00000000eb659e10 at C:\re\jdk7u79\2331\hotspot\src\share\vm\prims\jvm.cpp:1304
Event: 8.630 Thread 0x000000000297d800 Implicit null exception at 0x0000000002bee5dc to 0x0000000002bee6e9
Event: 8.630 Thread 0x000000000297d800 Implicit null exception at 0x0000000002bba701 to 0x0000000002bbb085
Event: 9.972 Thread 0x000000000297d800 Implicit null exception at 0x0000000002b0cf12 to 0x0000000002b0d002

Events (10 events):
Event: 10.380 Thread 0x000000000297d800 DEOPT UNPACKING pc=0x0000000002ab75a4 sp=0x000000000291e8e8 mode 2
Event: 10.458 Thread 0x000000000297d800 Uncommon trap: trap_request=0xffffffc6 fr.pc=0x0000000002c4516c
Event: 10.460 Thread 0x000000000297d800 DEOPT PACKING pc=0x0000000002c4516c sp=0x000000000291e850
Event: 10.460 Thread 0x000000000297d800 DEOPT UNPACKING pc=0x0000000002ab75a4 sp=0x000000000291e7d8 mode 2
Event: 10.460 Thread 0x000000000297d800 Uncommon trap: trap_request=0xffffffc6 fr.pc=0x0000000002c4516c
Event: 10.460 Thread 0x000000000297d800 DEOPT PACKING pc=0x0000000002c4516c sp=0x000000000291e910
Event: 10.461 Thread 0x000000000297d800 DEOPT UNPACKING pc=0x0000000002ab75a4 sp=0x000000000291e898 mode 2
Event: 10.612 Thread 0x000000000297d800 Uncommon trap: trap_request=0xffffffde fr.pc=0x0000000002bde2fc
Event: 10.612 Thread 0x000000000297d800 DEOPT PACKING pc=0x0000000002bde2fc sp=0x000000000291ea40
Event: 10.612 Thread 0x000000000297d800 DEOPT UNPACKING pc=0x0000000002ab75a4 sp=0x000000000291e9c8 mode 2


Dynamic libraries:
0x00007ff760c20000 - 0x00007ff760c53000 	C:\Program Files\Java\jdk1.7.0_79\bin\java.exe
0x00007ffe40950000 - 0x00007ffe40afc000 	C:\Windows\SYSTEM32\ntdll.dll
0x00007ffe3f9b0000 - 0x00007ffe3faee000 	C:\Windows\system32\KERNEL32.DLL
0x00007ffe3de00000 - 0x00007ffe3df15000 	C:\Windows\system32\KERNELBASE.dll
0x00007ffe3c640000 - 0x00007ffe3c6ce000 	C:\Windows\system32\apphelp.dll
0x00007ffe0cdc0000 - 0x00007ffe0ce13000 	C:\Windows\AppPatch\AppPatch64\AcGenral.DLL
0x00007ffe3fbb0000 - 0x00007ffe3fc5a000 	C:\Windows\system32\msvcrt.dll
0x00007ffe3d940000 - 0x00007ffe3d96e000 	C:\Windows\SYSTEM32\SspiCli.dll
0x00007ffe40480000 - 0x00007ffe404d4000 	C:\Windows\system32\SHLWAPI.dll
0x00007ffe407d0000 - 0x00007ffe40947000 	C:\Windows\system32\USER32.dll
0x00007ffe40090000 - 0x00007ffe40224000 	C:\Windows\system32\ole32.dll
0x00007ffe3e470000 - 0x00007ffe3f99b000 	C:\Windows\system32\SHELL32.dll
0x00007ffe3d0a0000 - 0x00007ffe3d0c1000 	C:\Windows\SYSTEM32\USERENV.dll
0x00007ffe40540000 - 0x00007ffe405ea000 	C:\Windows\system32\ADVAPI32.dll
0x00007ffe31790000 - 0x00007ffe317ae000 	C:\Windows\SYSTEM32\MPR.dll
0x00007ffe3fc60000 - 0x00007ffe3fda1000 	C:\Windows\system32\RPCRT4.dll
0x00007ffe3e200000 - 0x00007ffe3e259000 	C:\Windows\SYSTEM32\sechost.dll
0x00007ffe3dfd0000 - 0x00007ffe3e1e1000 	C:\Windows\SYSTEM32\combase.dll
0x00007ffe40270000 - 0x00007ffe403c0000 	C:\Windows\system32\GDI32.dll
0x00007ffe3daa0000 - 0x00007ffe3dab5000 	C:\Windows\SYSTEM32\profapi.dll
0x00007ffe3c010000 - 0x00007ffe3c0c2000 	C:\Windows\SYSTEM32\SHCORE.dll
0x00007ffe40230000 - 0x00007ffe40266000 	C:\Windows\system32\IMM32.DLL
0x00007ffe405f0000 - 0x00007ffe40742000 	C:\Windows\system32\MSCTF.dll
0x00007ffe3b700000 - 0x00007ffe3b97b000 	C:\Windows\WinSxS\amd64_microsoft.windows.common-controls_6595b64144ccf1df_6.0.9600.18006_none_623f33d3ecbe86e8\COMCTL32.dll
0x00000000645c0000 - 0x0000000064692000 	C:\Program Files\Java\jdk1.7.0_79\jre\bin\msvcr100.dll
0x0000000064a30000 - 0x0000000065205000 	C:\Program Files\Java\jdk1.7.0_79\jre\bin\server\jvm.dll
0x00007ffe35b50000 - 0x00007ffe35b59000 	C:\Windows\SYSTEM32\WSOCK32.dll
0x00007ffe363d0000 - 0x00007ffe363f2000 	C:\Windows\SYSTEM32\WINMM.dll
0x00007ffe3fdb0000 - 0x00007ffe3fdb7000 	C:\Windows\system32\PSAPI.DLL
0x00007ffe404e0000 - 0x00007ffe4053a000 	C:\Windows\system32\WS2_32.dll
0x00007ffe363a0000 - 0x00007ffe363ca000 	C:\Windows\SYSTEM32\WINMMBASE.dll
0x00007ffe3e1f0000 - 0x00007ffe3e1f9000 	C:\Windows\system32\NSI.dll
0x00007ffe3dbd0000 - 0x00007ffe3dc1f000 	C:\Windows\SYSTEM32\cfgmgr32.dll
0x00007ffe3c890000 - 0x00007ffe3c8b8000 	C:\Windows\SYSTEM32\DEVOBJ.dll
0x0000000065300000 - 0x000000006530f000 	C:\Program Files\Java\jdk1.7.0_79\jre\bin\verify.dll
0x0000000064a00000 - 0x0000000064a28000 	C:\Program Files\Java\jdk1.7.0_79\jre\bin\java.dll
0x00000000649e0000 - 0x00000000649f5000 	C:\Program Files\Java\jdk1.7.0_79\jre\bin\zip.dll
0x00000000649c0000 - 0x00000000649da000 	C:\Program Files\Java\jdk1.7.0_79\jre\bin\net.dll
0x00007ffe3d310000 - 0x00007ffe3d369000 	C:\Windows\system32\mswsock.dll
0x00000000649a0000 - 0x00000000649b1000 	C:\Program Files\Java\jdk1.7.0_79\jre\bin\nio.dll

VM Arguments:
jvm_args: -Djava.awt.headless=true -Xmx1024M -Dfile.encoding=windows-1251 -Duser.country=RU -Duser.language=ru -Duser.variant 
java_command: com.android.dx.command.Main --dex --output C:\Users\Nurs\AndroidStudioProjects\PasswordBook\app\build\intermediates\pre-dexed\debug\com.android.support-support-v4-23.1.1_ab248dafd7c6dacff5204d0fb67cbaeabef39068.jar C:\Users\Nurs\AndroidStudioProjects\PasswordBook\app\build\intermediates\exploded-aar\com.android.support\support-v4\23.1.1\jars\classes.jar
Launcher Type: SUN_STANDARD

Environment Variables:
PATH=C:\Program Files (x86)\Intel\iCLS Client\;C:\Program Files\Intel\iCLS Client\;C:\Windows\system32;C:\Windows;C:\Windows\System32\Wbem;C:\Windows\System32\WindowsPowerShell\v1.0\;C:\Program Files\Intel\Intel(R) Management Engine Components\DAL;C:\Program Files\Intel\Intel(R) Management Engine Components\IPT;C:\Program Files (x86)\Intel\Intel(R) Management Engine Components\DAL;C:\Program Files (x86)\Intel\Intel(R) Management Engine Components\IPT;C:\Program Files (x86)\Windows Kits\8.1\Windows Performance Toolkit\;C:\Program Files\Microsoft SQL Server\110\Tools\Binn\;C:\Program Files (x86)\Microsoft SDKs\TypeScript\1.0\;C:\Program Files\Microsoft SQL Server\120\Tools\Binn\;C:\Program Files\Microsoft\Web Platform Installer\;C:\Windows\system32\config\systemprofile\.dnx\bin;C:\Program Files\Microsoft DNX\Dnvm\;C:\Program Files\Microsoft SQL Server\120\DTS\Binn\;C:\Program Files\Microsoft SQL Server\Client SDK\ODBC\110\Tools\Binn\;C:\Program Files (x86)\Microsoft SQL Server\120\Tools\Binn\;C:\Program Files (x86)\Microsoft SQL Server\120\Tools\Binn\ManagementStudio\;C:\Program Files (x86)\Microsoft SQL Server\120\DTS\Binn\;C:\Program Files\TortoiseGit\bin;C:\Program Files (x86)\Skype\Phone\;;C:\Program Files (x86)\Simlock Remote Client
USERNAME=Nurs
OS=Windows_NT
PROCESSOR_IDENTIFIER=Intel64 Family 6 Model 58 Stepping 9, GenuineIntel



---------------  S Y S T E M  ---------------

OS: Windows 8.1 , 64 bit Build 9600 

CPU:total 4 (2 cores per cpu, 2 threads per core) family 6 model 58 stepping 9, cmov, cx8, fxsr, mmx, sse, sse2, sse3, ssse3, sse4.1, sse4.2, popcnt, avx, aes, erms, ht, tsc, tscinvbit, tscinv

Memory: 4k page, physical 8244012k(922284k free), swap 11389740k(5256k free)

vm_info: Java HotSpot(TM) 64-Bit Server VM (24.79-b02) for windows-amd64 JRE (1.7.0_79-b15), built on Apr 10 2015 12:36:16 by "java_re" with unknown MS VC++:1600

time: Wed Jan 20 02:02:47 2016
elapsed time: 11 seconds

