#
# There is insufficient memory for the Java Runtime Environment to continue.
# Native memory allocation (malloc) failed to allocate 262160 bytes for Chunk::new
# Possible reasons:
#   The system is out of physical RAM or swap space
#   In 32 bit mode, the process size limit was hit
# Possible solutions:
#   Reduce memory load on the system
#   Increase physical memory or swap space
#   Check if swap backing store is full
#   Use 64 bit Java on a 64 bit OS
#   Decrease Java heap size (-Xmx/-Xms)
#   Decrease number of Java threads
#   Decrease Java thread stack sizes (-Xss)
#   Set larger code cache with -XX:ReservedCodeCacheSize=
# This output file may be truncated or incomplete.
#
#  Out of Memory Error (allocation.cpp:323), pid=8040, tid=8800
#
# JRE version: Java(TM) SE Runtime Environment (7.0_79-b15) (build 1.7.0_79-b15)
# Java VM: Java HotSpot(TM) 64-Bit Server VM (24.79-b02 mixed mode windows-amd64 compressed oops)
# Failed to write core dump. Minidumps are not enabled by default on client versions of Windows
#

---------------  T H R E A D  ---------------

Current thread (0x0000000007c9e000):  JavaThread "C2 CompilerThread0" daemon [_thread_in_native, id=8800, stack(0x0000000009200000,0x0000000009300000)]

Stack: [0x0000000009200000,0x0000000009300000]
[error occurred during error reporting (printing stack bounds), id 0xc0000005]


[error occurred during error reporting (printing native stack), id 0xc0000005]


Current CompileTask:
C2:   6218  323             com.android.dx.ssa.DeadCodeRemover::run (194 bytes)


---------------  P R O C E S S  ---------------

Java Threads: ( => current thread )
  0x0000000007ca6000 JavaThread "Service Thread" daemon [_thread_blocked, id=12196, stack(0x0000000009400000,0x0000000009500000)]
  0x0000000007ca0000 JavaThread "C2 CompilerThread1" daemon [_thread_in_native, id=13028, stack(0x0000000009300000,0x0000000009400000)]
=>0x0000000007c9e000 JavaThread "C2 CompilerThread0" daemon [_thread_in_native, id=8800, stack(0x0000000009200000,0x0000000009300000)]
  0x0000000007c9d000 JavaThread "Attach Listener" daemon [_thread_blocked, id=11480, stack(0x0000000009100000,0x0000000009200000)]
  0x0000000007c99800 JavaThread "Signal Dispatcher" daemon [_thread_blocked, id=13632, stack(0x0000000009000000,0x0000000009100000)]
  0x0000000007c5f800 JavaThread "Finalizer" daemon [_thread_blocked, id=5912, stack(0x0000000008f00000,0x0000000009000000)]
  0x0000000007c56800 JavaThread "Reference Handler" daemon [_thread_blocked, id=8020, stack(0x0000000008e00000,0x0000000008f00000)]
  0x00000000002ae000 JavaThread "main" [_thread_in_Java, id=13800, stack(0x0000000001b60000,0x0000000001c60000)]

Other Threads:
  0x0000000007c52800 VMThread [stack: 0x0000000008d00000,0x0000000008e00000] [id=12584]
  0x0000000007cb4800 WatcherThread [stack: 0x0000000009500000,0x0000000009600000] [id=11604]

VM state:not at safepoint (normal execution)

VM Mutex/Monitor currently owned by a thread: None

Heap
 PSYoungGen      total 37888K, used 22346K [0x00000000eaa80000, 0x00000000ed480000, 0x0000000100000000)
  eden space 32768K, 52% used [0x00000000eaa80000,0x00000000ebb58ce0,0x00000000eca80000)
  from space 5120K, 99% used [0x00000000eca80000,0x00000000ecf79c78,0x00000000ecf80000)
  to   space 5120K, 0% used [0x00000000ecf80000,0x00000000ecf80000,0x00000000ed480000)
 ParOldGen       total 85504K, used 1680K [0x00000000c0000000, 0x00000000c5380000, 0x00000000eaa80000)
  object space 85504K, 1% used [0x00000000c0000000,0x00000000c01a4218,0x00000000c5380000)
 PSPermGen       total 21504K, used 5601K [0x00000000bae00000, 0x00000000bc300000, 0x00000000c0000000)
  object space 21504K, 26% used [0x00000000bae00000,0x00000000bb3785a0,0x00000000bc300000)

Card table byte_map: [0x0000000004ea0000,0x00000000050d0000] byte_map_base: 0x00000000048c9000

Polling page: 0x0000000001c60000

Code Cache  [0x0000000001de0000, 0x0000000002050000, 0x0000000004de0000)
 total_blobs=562 nmethods=328 adapters=186 free_code_cache=47888Kb largest_free_block=49004736

Compilation events (10 events):
Event: 6.161 Thread 0x0000000007ca0000 nmethod 327 0x0000000001f19510 code [0x0000000001f196c0, 0x0000000001f19c50]
Event: 6.161 Thread 0x0000000007ca0000  328             com.android.dx.rop.code.LocalVariableInfo::getAssignment (12 bytes)
Event: 6.166 Thread 0x0000000007ca0000 nmethod 328 0x0000000001f21b90 code [0x0000000001f21d00, 0x0000000001f21f18]
Event: 6.184 Thread 0x0000000007ca0000  329   !         com.android.dx.cf.code.BaseMachine::arg (36 bytes)
Event: 6.185 Thread 0x0000000007ca0000 nmethod 329 0x0000000001eed350 code [0x0000000001eed480, 0x0000000001eed518]
Event: 6.187 Thread 0x0000000007ca0000  330             com.android.dx.cf.code.BaseMachine::storeResults (90 bytes)
Event: 6.199 Thread 0x0000000007ca0000 nmethod 330 0x0000000001f15250 code [0x0000000001f15420, 0x0000000001f15a20]
Event: 6.199 Thread 0x0000000007ca0000  331             com.android.dx.ssa.SsaRenamer::setNameForSsaReg (54 bytes)
Event: 6.207 Thread 0x0000000007ca0000 nmethod 331 0x0000000001f21090 code [0x0000000001f21220, 0x0000000001f21610]
Event: 6.207 Thread 0x0000000007ca0000  332             com.android.dx.ssa.SCCP::addUsersToWorklist (103 bytes)

GC Heap History (2 events):
Event: 5.295 GC heap before
{Heap before GC invocations=1 (full 0):
 PSYoungGen      total 37888K, used 32768K [0x00000000eaa80000, 0x00000000ed480000, 0x0000000100000000)
  eden space 32768K, 100% used [0x00000000eaa80000,0x00000000eca80000,0x00000000eca80000)
  from space 5120K, 0% used [0x00000000ecf80000,0x00000000ecf80000,0x00000000ed480000)
  to   space 5120K, 0% used [0x00000000eca80000,0x00000000eca80000,0x00000000ecf80000)
 ParOldGen       total 85504K, used 0K [0x00000000c0000000, 0x00000000c5380000, 0x00000000eaa80000)
  object space 85504K, 0% used [0x00000000c0000000,0x00000000c0000000,0x00000000c5380000)
 PSPermGen       total 21504K, used 5567K [0x00000000bae00000, 0x00000000bc300000, 0x00000000c0000000)
  object space 21504K, 25% used [0x00000000bae00000,0x00000000bb36ff50,0x00000000bc300000)
Event: 5.336 GC heap after
Heap after GC invocations=1 (full 0):
 PSYoungGen      total 37888K, used 5095K [0x00000000eaa80000, 0x00000000ed480000, 0x0000000100000000)
  eden space 32768K, 0% used [0x00000000eaa80000,0x00000000eaa80000,0x00000000eca80000)
  from space 5120K, 99% used [0x00000000eca80000,0x00000000ecf79c78,0x00000000ecf80000)
  to   space 5120K, 0% used [0x00000000ecf80000,0x00000000ecf80000,0x00000000ed480000)
 ParOldGen       total 85504K, used 1680K [0x00000000c0000000, 0x00000000c5380000, 0x00000000eaa80000)
  object space 85504K, 1% used [0x00000000c0000000,0x00000000c01a4218,0x00000000c5380000)
 PSPermGen       total 21504K, used 5567K [0x00000000bae00000, 0x00000000bc300000, 0x00000000c0000000)
  object space 21504K, 25% used [0x00000000bae00000,0x00000000bb36ff50,0x00000000bc300000)
}

Deoptimization events (10 events):
Event: 6.008 Thread 0x00000000002ae000 Uncommon trap: reason=bimorphic action=maybe_recompile pc=0x0000000001ea4284 method=java.util.HashMap.put(Ljava/lang/Object;Ljava/lang/Object;)Ljava/lang/Object; @ 83
Event: 6.017 Thread 0x00000000002ae000 Uncommon trap: reason=bimorphic action=maybe_recompile pc=0x0000000001eef0e0 method=com.android.dx.cf.code.BaseMachine.getLocalTarget(Z)Lcom/android/dx/rop/code/RegisterSpec; @ 70
Event: 6.022 Thread 0x00000000002ae000 Uncommon trap: reason=bimorphic action=maybe_recompile pc=0x0000000001ea4284 method=java.util.HashMap.put(Ljava/lang/Object;Ljava/lang/Object;)Ljava/lang/Object; @ 83
Event: 6.040 Thread 0x00000000002ae000 Uncommon trap: reason=bimorphic action=maybe_recompile pc=0x0000000001eef0e0 method=com.android.dx.cf.code.BaseMachine.getLocalTarget(Z)Lcom/android/dx/rop/code/RegisterSpec; @ 70
Event: 6.042 Thread 0x00000000002ae000 Uncommon trap: reason=bimorphic action=maybe_recompile pc=0x0000000001eef0e0 method=com.android.dx.cf.code.BaseMachine.getLocalTarget(Z)Lcom/android/dx/rop/code/RegisterSpec; @ 70
Event: 6.123 Thread 0x00000000002ae000 Uncommon trap: reason=uninitialized action=reinterpret pc=0x0000000001ede730 method=com.android.dx.cf.code.ByteCatchList.toRopCatchList()Lcom/android/dx/rop/type/TypeList; @ 36
Event: 6.126 Thread 0x00000000002ae000 Uncommon trap: reason=bimorphic action=maybe_recompile pc=0x0000000001eef0e0 method=com.android.dx.cf.code.BaseMachine.getLocalTarget(Z)Lcom/android/dx/rop/code/RegisterSpec; @ 70
Event: 6.126 Thread 0x00000000002ae000 Uncommon trap: reason=unreached action=reinterpret pc=0x0000000001edc600 method=com.android.dx.cf.code.Ropper.addExceptionSetupBlocks()V @ 21
Event: 6.133 Thread 0x00000000002ae000 Uncommon trap: reason=unreached action=reinterpret pc=0x0000000001edd5f4 method=com.android.dx.util.LabeledList.set(ILcom/android/dx/util/LabeledItem;)V @ 16
Event: 6.133 Thread 0x00000000002ae000 Uncommon trap: reason=unreached action=reinterpret pc=0x0000000001ecabf8 method=com.android.dx.util.LabeledList.set(ILcom/android/dx/util/LabeledItem;)V @ 16

Internal exceptions (10 events):
Event: 3.206 Thread 0x00000000002ae000 Threw 0x00000000eb7c4988 at C:\re\jdk7u79\2331\hotspot\src\share\vm\prims\jvm.cpp:1304
Event: 3.208 Thread 0x00000000002ae000 Threw 0x00000000eb7c6ca0 at C:\re\jdk7u79\2331\hotspot\src\share\vm\prims\jvm.cpp:1304
Event: 3.407 Thread 0x00000000002ae000 Threw 0x00000000eb909978 at C:\re\jdk7u79\2331\hotspot\src\share\vm\prims\jvm.cpp:1304
Event: 3.639 Thread 0x00000000002ae000 Threw 0x00000000eba78978 at C:\re\jdk7u79\2331\hotspot\src\share\vm\prims\jvm.cpp:1304
Event: 3.654 Thread 0x00000000002ae000 Threw 0x00000000ebaa6550 at C:\re\jdk7u79\2331\hotspot\src\share\vm\prims\jvm.cpp:1304
Event: 3.957 Thread 0x00000000002ae000 Threw 0x00000000ebca0a08 at C:\re\jdk7u79\2331\hotspot\src\share\vm\prims\jvm.cpp:1304
Event: 4.345 Thread 0x00000000002ae000 Implicit null exception at 0x0000000001e61e48 to 0x0000000001e627e1
Event: 4.603 Thread 0x00000000002ae000 Threw 0x00000000ec1a2e70 at C:\re\jdk7u79\2331\hotspot\src\share\vm\prims\jvm.cpp:1304
Event: 4.879 Thread 0x00000000002ae000 Implicit null exception at 0x0000000001eb80f7 to 0x0000000001eb87d5
Event: 6.124 Thread 0x00000000002ae000 Threw 0x00000000eb886028 at C:\re\jdk7u79\2331\hotspot\src\share\vm\prims\jvm.cpp:1304

Events (10 events):
Event: 6.126 loading class 0x0000000001d5b170
Event: 6.126 loading class 0x0000000001d5b170 done
Event: 6.127 loading class 0x0000000001d5b140
Event: 6.127 loading class 0x0000000001d5b140 done
Event: 6.133 Thread 0x00000000002ae000 Uncommon trap: trap_request=0xffffffad fr.pc=0x0000000001edd5f4
Event: 6.133 Thread 0x00000000002ae000 DEOPT PACKING pc=0x0000000001edd5f4 sp=0x0000000001c5e8b0
Event: 6.133 Thread 0x00000000002ae000 DEOPT UNPACKING pc=0x0000000001e175a4 sp=0x0000000001c5e818 mode 2
Event: 6.133 Thread 0x00000000002ae000 Uncommon trap: trap_request=0xffffffad fr.pc=0x0000000001ecabf8
Event: 6.133 Thread 0x00000000002ae000 DEOPT PACKING pc=0x0000000001ecabf8 sp=0x0000000001c5e850
Event: 6.133 Thread 0x00000000002ae000 DEOPT UNPACKING pc=0x0000000001e175a4 sp=0x0000000001c5e810 mode 2


Dynamic libraries:
0x00007ff6bd1a0000 - 0x00007ff6bd1d3000 	C:\Program Files\Java\jdk1.7.0_79\bin\java.exe
0x00007ff8a9060000 - 0x00007ff8a920c000 	C:\Windows\SYSTEM32\ntdll.dll
0x00007ff8a8f20000 - 0x00007ff8a905e000 	C:\Windows\system32\KERNEL32.DLL
0x00007ff8a65c0000 - 0x00007ff8a66d5000 	C:\Windows\system32\KERNELBASE.dll
0x00007ff8a4d50000 - 0x00007ff8a4dde000 	C:\Windows\system32\apphelp.dll
0x00007ff866c70000 - 0x00007ff866cc3000 	C:\Windows\AppPatch\AppPatch64\AcGenral.DLL
0x00007ff8a6850000 - 0x00007ff8a68fa000 	C:\Windows\system32\msvcrt.dll
0x00007ff8a6170000 - 0x00007ff8a619e000 	C:\Windows\SYSTEM32\SspiCli.dll
0x00007ff8a7530000 - 0x00007ff8a7584000 	C:\Windows\system32\SHLWAPI.dll
0x00007ff8a7790000 - 0x00007ff8a7907000 	C:\Windows\system32\USER32.dll
0x00007ff8a6900000 - 0x00007ff8a6a94000 	C:\Windows\system32\ole32.dll
0x00007ff8a7910000 - 0x00007ff8a8e3b000 	C:\Windows\system32\SHELL32.dll
0x00007ff8a5960000 - 0x00007ff8a5981000 	C:\Windows\SYSTEM32\USERENV.dll
0x00007ff8a7590000 - 0x00007ff8a763a000 	C:\Windows\system32\ADVAPI32.dll
0x00007ff898210000 - 0x00007ff89822e000 	C:\Windows\SYSTEM32\MPR.dll
0x00007ff8a7640000 - 0x00007ff8a7781000 	C:\Windows\system32\RPCRT4.dll
0x00007ff8a7020000 - 0x00007ff8a7079000 	C:\Windows\SYSTEM32\sechost.dll
0x00007ff8a7310000 - 0x00007ff8a7521000 	C:\Windows\SYSTEM32\combase.dll
0x00007ff8a70f0000 - 0x00007ff8a723f000 	C:\Windows\system32\GDI32.dll
0x00007ff8a61b0000 - 0x00007ff8a61c5000 	C:\Windows\SYSTEM32\profapi.dll
0x00007ff8a4720000 - 0x00007ff8a47d2000 	C:\Windows\SYSTEM32\SHCORE.dll
0x00007ff8a67b0000 - 0x00007ff8a67e6000 	C:\Windows\system32\IMM32.DLL
0x00007ff8a6aa0000 - 0x00007ff8a6bf2000 	C:\Windows\system32\MSCTF.dll
0x00007ff8a3e10000 - 0x00007ff8a408b000 	C:\Windows\WinSxS\amd64_microsoft.windows.common-controls_6595b64144ccf1df_6.0.9600.18006_none_623f33d3ecbe86e8\COMCTL32.dll
0x0000000071bd0000 - 0x0000000071ca2000 	C:\Program Files\Java\jdk1.7.0_79\jre\bin\msvcr100.dll
0x0000000072060000 - 0x0000000072835000 	C:\Program Files\Java\jdk1.7.0_79\jre\bin\server\jvm.dll
0x00007ff89eaa0000 - 0x00007ff89eaa9000 	C:\Windows\SYSTEM32\WSOCK32.dll
0x00007ff89eae0000 - 0x00007ff89eb02000 	C:\Windows\SYSTEM32\WINMM.dll
0x00007ff8a66e0000 - 0x00007ff8a66e7000 	C:\Windows\system32\PSAPI.DLL
0x00007ff8a67f0000 - 0x00007ff8a684a000 	C:\Windows\system32\WS2_32.dll
0x00007ff89eab0000 - 0x00007ff89eada000 	C:\Windows\SYSTEM32\WINMMBASE.dll
0x00007ff8a70e0000 - 0x00007ff8a70e9000 	C:\Windows\system32\NSI.dll
0x00007ff8a6280000 - 0x00007ff8a62cf000 	C:\Windows\SYSTEM32\cfgmgr32.dll
0x00007ff8a4fa0000 - 0x00007ff8a4fc8000 	C:\Windows\SYSTEM32\DEVOBJ.dll
0x0000000072050000 - 0x000000007205f000 	C:\Program Files\Java\jdk1.7.0_79\jre\bin\verify.dll
0x0000000072020000 - 0x0000000072048000 	C:\Program Files\Java\jdk1.7.0_79\jre\bin\java.dll
0x0000000072000000 - 0x0000000072015000 	C:\Program Files\Java\jdk1.7.0_79\jre\bin\zip.dll
0x0000000071fe0000 - 0x0000000071ffa000 	C:\Program Files\Java\jdk1.7.0_79\jre\bin\net.dll
0x00007ff8a58b0000 - 0x00007ff8a5909000 	C:\Windows\system32\mswsock.dll
0x0000000071fc0000 - 0x0000000071fd1000 	C:\Program Files\Java\jdk1.7.0_79\jre\bin\nio.dll

VM Arguments:
jvm_args: -Djava.awt.headless=true -Xmx1024M -Dfile.encoding=windows-1251 -Duser.country=RU -Duser.language=ru -Duser.variant 
java_command: com.android.dx.command.Main --dex --output C:\Users\Nurs\AndroidStudioProjects\PasswordBook\app\build\intermediates\pre-dexed\debug\com.android.support-design-23.1.1_0faea923b63a84b727e7290cd69f24613a7fb70c.jar C:\Users\Nurs\AndroidStudioProjects\PasswordBook\app\build\intermediates\exploded-aar\com.android.support\design\23.1.1\jars\classes.jar
Launcher Type: SUN_STANDARD

Environment Variables:
PATH=C:\Program Files (x86)\Intel\iCLS Client\;C:\Program Files\Intel\iCLS Client\;C:\Windows\system32;C:\Windows;C:\Windows\System32\Wbem;C:\Windows\System32\WindowsPowerShell\v1.0\;C:\Program Files\Intel\Intel(R) Management Engine Components\DAL;C:\Program Files\Intel\Intel(R) Management Engine Components\IPT;C:\Program Files (x86)\Intel\Intel(R) Management Engine Components\DAL;C:\Program Files (x86)\Intel\Intel(R) Management Engine Components\IPT;C:\Program Files (x86)\Windows Kits\8.1\Windows Performance Toolkit\;C:\Program Files\Microsoft SQL Server\110\Tools\Binn\;C:\Program Files (x86)\Microsoft SDKs\TypeScript\1.0\;C:\Program Files\Microsoft SQL Server\120\Tools\Binn\;C:\Program Files\Microsoft SQL Server\110\DTS\Binn\;C:\Program Files (x86)\Microsoft SQL Server\110\Tools\Binn\;C:\Program Files (x86)\Microsoft SQL Server\110\Tools\Binn\ManagementStudio\;C:\Program Files (x86)\Microsoft Visual Studio 10.0\Common7\IDE\PrivateAssemblies\;C:\Program Files (x86)\Microsoft SQL Server\110\DTS\Binn\;C:\Program Files\Microsoft\Web Platform Installer\;C:\Windows\system32\config\systemprofile\.dnx\bin;C:\Program Files\Microsoft DNX\Dnvm\;C:\Program Files\Microsoft SQL Server\120\DTS\Binn\;C:\Program Files\Microsoft SQL Server\Client SDK\ODBC\110\Tools\Binn\;C:\Program Files (x86)\Microsoft SQL Server\120\Tools\Binn\;C:\Program Files (x86)\Microsoft SQL Server\120\Tools\Binn\ManagementStudio\;C:\Program Files (x86)\Microsoft SQL Server\120\DTS\Binn\;C:\Program Files\TortoiseGit\bin;C:\Program Files (x86)\Skype\Phone\;;C:\Program Files (x86)\Simlock Remote Client
USERNAME=Nurs
OS=Windows_NT
PROCESSOR_IDENTIFIER=Intel64 Family 6 Model 58 Stepping 9, GenuineIntel



---------------  S Y S T E M  ---------------

OS: Windows 8.1 , 64 bit Build 9600 

CPU:total 4 (2 cores per cpu, 2 threads per core) family 6 model 58 stepping 9, cmov, cx8, fxsr, mmx, sse, sse2, sse3, ssse3, sse4.1, sse4.2, popcnt, avx, aes, erms, ht, tsc, tscinvbit, tscinv

Memory: 4k page, physical 8244012k(1181544k free), swap 11240276k(5740k free)

vm_info: Java HotSpot(TM) 64-Bit Server VM (24.79-b02) for windows-amd64 JRE (1.7.0_79-b15), built on Apr 10 2015 12:36:16 by "java_re" with unknown MS VC++:1600

time: Fri Jan 08 20:37:56 2016
elapsed time: 6 seconds

